 <<< Combine >>> 
>>> including systematics
>>> method used is AsymptoticLimits
>>> random number generator seed is 123456
The model has no constrained nuisance parameters. Please run the limit tool with no systematics (option -S 0).
To make things easier, I will assume you have done it.
RooArgSet:: = ()
Computing results starting from observation (a-posteriori)
Parameters: 
  1) RooRealVar::   bkgbuild_bkg_laur_evenfrac1 = 0.221026 +/- 0.688502
  2) RooRealVar::                    mu1_resbkg = 124.661 +/- 0.171614
  3) RooRealVar::                    mu1_sigHct = 124.684 +/- 0.00870734
  4) RooRealVar::                    mu2_resbkg = 123.16 +/- 0.773192
  5) RooRealVar::                    mu2_sigHct = 122.722 +/- 0.0825992
  6) RooRealVar:: n_exp_binlep_proc_non-res_bkg = 1
  7) RooRealVar::     n_exp_binlep_proc_res_bkg = 1.008
  8) RooRealVar::                             r = 0.2 +/- 2
  9) RooRealVar::                 sigma1_resbkg = 1.5036 +/- 0.250286
 10) RooRealVar::                 sigma1_sigHct = 1.86811 +/- 0.00928413
 11) RooRealVar::                 sigma2_resbkg = 3.32792 +/- 0.252852
 12) RooRealVar::                 sigma2_sigHct = 5.93873 +/- 0.0723253
Obs: 
  1) RooRealVar::  dipho_mass = 179.6
  2) RooCategory:: CMS_channel = lep(idx = 0)

Parameters: 
  1) RooRealVar::   bkgbuild_bkg_laur_evenfrac1 = 0.249397 +/- 0.665966
  2) RooRealVar::                    mu1_resbkg = 124.661 +/- 0.171614
  3) RooRealVar::                    mu1_sigHct = 124.684 +/- 0.00870734
  4) RooRealVar::                    mu2_resbkg = 123.16 +/- 0.773192
  5) RooRealVar::                    mu2_sigHct = 122.722 +/- 0.0825992
  6) RooRealVar:: n_exp_binlep_proc_non-res_bkg = 1
  7) RooRealVar::     n_exp_binlep_proc_res_bkg = 1.008
  8) RooRealVar::                             r = 2
  9) RooRealVar::                 sigma1_resbkg = 1.5036 +/- 0.250286
 10) RooRealVar::                 sigma1_sigHct = 1.86811 +/- 0.00928413
 11) RooRealVar::                 sigma2_resbkg = 3.32792 +/- 0.252852
 12) RooRealVar::                 sigma2_sigHct = 5.93873 +/- 0.0723253
Obs: 
  1) RooRealVar::  dipho_mass = 110.287
  2) RooCategory:: CMS_channel = lep(idx = 0)

Parameters: 
  1) RooRealVar::   bkgbuild_bkg_laur_evenfrac1 = 0.249397 +/- 0.665966
  2) RooRealVar::                    mu1_resbkg = 124.661 +/- 0.171614
  3) RooRealVar::                    mu1_sigHct = 124.684 +/- 0.00870734
  4) RooRealVar::                    mu2_resbkg = 123.16 +/- 0.773192
  5) RooRealVar::                    mu2_sigHct = 122.722 +/- 0.0825992
  6) RooRealVar:: n_exp_binlep_proc_non-res_bkg = 1
  7) RooRealVar::     n_exp_binlep_proc_res_bkg = 1.008
  8) RooRealVar::                             r = 2
  9) RooRealVar::                 sigma1_resbkg = 1.5036 +/- 0.250286
 10) RooRealVar::                 sigma1_sigHct = 1.86811 +/- 0.00928413
 11) RooRealVar::                 sigma2_resbkg = 3.32792 +/- 0.252852
 12) RooRealVar::                 sigma2_sigHct = 5.93873 +/- 0.0723253
Obs: 
  1) RooRealVar::  dipho_mass = 179.6
  2) RooCategory:: CMS_channel = lep(idx = 0)


 -- AsymptoticLimits ( CLs ) --
Observed Limit: r < 6.0565
Expected  2.5%: r < 1.5928
Expected 16.0%: r < 2.3127
Expected 50.0%: r < 3.6406
Expected 84.0%: r < 5.9335
Expected 97.5%: r < 9.3047

Done in 0.00 min (cpu), 0.01 min (real)
