 <<< Combine >>> 
>>> including systematics
>>> method used is AsymptoticLimits
>>> random number generator seed is 123456
The model has no constrained nuisance parameters. Please run the limit tool with no systematics (option -S 0).
To make things easier, I will assume you have done it.
RooArgSet:: = ()
Computing results starting from observation (a-posteriori)
Parameters: 
  1) RooRealVar::           bkgbuild_bkg_expex1 = -0.0667216 +/- 0.0185551
  2) RooRealVar::                    mu1_resbkg = 124.661 +/- 0.171614
  3) RooRealVar::                    mu1_sigHut = 124.705 +/- 0.0131859
  4) RooRealVar::                    mu2_resbkg = 123.16 +/- 0.773192
  5) RooRealVar::                    mu2_sigHut = 122.979 +/- 0.118302
  6) RooRealVar:: n_exp_binhad_proc_non-res_bkg = 1
  7) RooRealVar::     n_exp_binhad_proc_res_bkg = 0.818
  8) RooRealVar::                             r = 0.2 +/- 2
  9) RooRealVar::                 sigma1_resbkg = 1.5036 +/- 0.250286
 10) RooRealVar::                 sigma1_sigHut = 1.71421 +/- 0.014606
 11) RooRealVar::                 sigma2_resbkg = 3.32792 +/- 0.252852
 12) RooRealVar::                 sigma2_sigHut = 5.33391 +/- 0.0990858
Obs: 
  1) RooRealVar::  dipho_mass = 179.6
  2) RooCategory:: CMS_channel = had(idx = 0)

Parameters: 
  1) RooRealVar::           bkgbuild_bkg_expex1 = -0.0555138 +/- 0.0138676
  2) RooRealVar::                    mu1_resbkg = 124.661 +/- 0.171614
  3) RooRealVar::                    mu1_sigHut = 124.705 +/- 0.0131859
  4) RooRealVar::                    mu2_resbkg = 123.16 +/- 0.773192
  5) RooRealVar::                    mu2_sigHut = 122.979 +/- 0.118302
  6) RooRealVar:: n_exp_binhad_proc_non-res_bkg = 1
  7) RooRealVar::     n_exp_binhad_proc_res_bkg = 0.818
  8) RooRealVar::                             r = 2
  9) RooRealVar::                 sigma1_resbkg = 1.5036 +/- 0.250286
 10) RooRealVar::                 sigma1_sigHut = 1.71421 +/- 0.014606
 11) RooRealVar::                 sigma2_resbkg = 3.32792 +/- 0.252852
 12) RooRealVar::                 sigma2_sigHut = 5.33391 +/- 0.0990858
Obs: 
  1) RooRealVar::  dipho_mass = 102.949
  2) RooCategory:: CMS_channel = had(idx = 0)

Parameters: 
  1) RooRealVar::           bkgbuild_bkg_expex1 = -0.0555138 +/- 0.0138676
  2) RooRealVar::                    mu1_resbkg = 124.661 +/- 0.171614
  3) RooRealVar::                    mu1_sigHut = 124.705 +/- 0.0131859
  4) RooRealVar::                    mu2_resbkg = 123.16 +/- 0.773192
  5) RooRealVar::                    mu2_sigHut = 122.979 +/- 0.118302
  6) RooRealVar:: n_exp_binhad_proc_non-res_bkg = 1
  7) RooRealVar::     n_exp_binhad_proc_res_bkg = 0.818
  8) RooRealVar::                             r = 2
  9) RooRealVar::                 sigma1_resbkg = 1.5036 +/- 0.250286
 10) RooRealVar::                 sigma1_sigHut = 1.71421 +/- 0.014606
 11) RooRealVar::                 sigma2_resbkg = 3.32792 +/- 0.252852
 12) RooRealVar::                 sigma2_sigHut = 5.33391 +/- 0.0990858
Obs: 
  1) RooRealVar::  dipho_mass = 179.6
  2) RooCategory:: CMS_channel = had(idx = 0)


 -- AsymptoticLimits ( CLs ) --
Observed Limit: r < 19.9767
Expected  2.5%: r < 2.0007
Expected 16.0%: r < 2.9343
Expected 50.0%: r < 4.6562
Expected 84.0%: r < 7.6630
Expected 97.5%: r < 12.0782

Done in 0.00 min (cpu), 0.01 min (real)
