 <<< Combine >>> 
>>> including systematics
>>> method used is AsymptoticLimits
>>> random number generator seed is 123456
The model has no constrained nuisance parameters. Please run the limit tool with no systematics (option -S 0).
To make things easier, I will assume you have done it.
RooArgSet:: = ()
Computing results starting from observation (a-posteriori)
Parameters: 
  1) RooRealVar::           bkgbuild_bkg_expex1 = -0.0667216 +/- 0.0185551
  2) RooRealVar::                    mu1_resbkg = 124.661 +/- 0.171614
  3) RooRealVar::                    mu1_sigHct = 124.671 +/- 0.0152844
  4) RooRealVar::                    mu2_resbkg = 123.16 +/- 0.773192
  5) RooRealVar::                    mu2_sigHct = 122.693 +/- 0.163266
  6) RooRealVar:: n_exp_binhad_proc_non-res_bkg = 1
  7) RooRealVar::     n_exp_binhad_proc_res_bkg = 0.818
  8) RooRealVar::                             r = 0.2 +/- 2
  9) RooRealVar::                 sigma1_resbkg = 1.5036 +/- 0.250286
 10) RooRealVar::                 sigma1_sigHct = 1.7348 +/- 0.0158384
 11) RooRealVar::                 sigma2_resbkg = 3.32792 +/- 0.252852
 12) RooRealVar::                 sigma2_sigHct = 5.6871 +/- 0.137263
Obs: 
  1) RooRealVar::  dipho_mass = 179.6
  2) RooCategory:: CMS_channel = had(idx = 0)

Parameters: 
  1) RooRealVar::           bkgbuild_bkg_expex1 = -0.0555138 +/- 0.0138676
  2) RooRealVar::                    mu1_resbkg = 124.661 +/- 0.171614
  3) RooRealVar::                    mu1_sigHct = 124.671 +/- 0.0152844
  4) RooRealVar::                    mu2_resbkg = 123.16 +/- 0.773192
  5) RooRealVar::                    mu2_sigHct = 122.693 +/- 0.163266
  6) RooRealVar:: n_exp_binhad_proc_non-res_bkg = 1
  7) RooRealVar::     n_exp_binhad_proc_res_bkg = 0.818
  8) RooRealVar::                             r = 2
  9) RooRealVar::                 sigma1_resbkg = 1.5036 +/- 0.250286
 10) RooRealVar::                 sigma1_sigHct = 1.7348 +/- 0.0158384
 11) RooRealVar::                 sigma2_resbkg = 3.32792 +/- 0.252852
 12) RooRealVar::                 sigma2_sigHct = 5.6871 +/- 0.137263
Obs: 
  1) RooRealVar::  dipho_mass = 102.949
  2) RooCategory:: CMS_channel = had(idx = 0)

Parameters: 
  1) RooRealVar::           bkgbuild_bkg_expex1 = -0.0555138 +/- 0.0138676
  2) RooRealVar::                    mu1_resbkg = 124.661 +/- 0.171614
  3) RooRealVar::                    mu1_sigHct = 124.671 +/- 0.0152844
  4) RooRealVar::                    mu2_resbkg = 123.16 +/- 0.773192
  5) RooRealVar::                    mu2_sigHct = 122.693 +/- 0.163266
  6) RooRealVar:: n_exp_binhad_proc_non-res_bkg = 1
  7) RooRealVar::     n_exp_binhad_proc_res_bkg = 0.818
  8) RooRealVar::                             r = 2
  9) RooRealVar::                 sigma1_resbkg = 1.5036 +/- 0.250286
 10) RooRealVar::                 sigma1_sigHct = 1.7348 +/- 0.0158384
 11) RooRealVar::                 sigma2_resbkg = 3.32792 +/- 0.252852
 12) RooRealVar::                 sigma2_sigHct = 5.6871 +/- 0.137263
Obs: 
  1) RooRealVar::  dipho_mass = 179.6
  2) RooCategory:: CMS_channel = had(idx = 0)


 -- AsymptoticLimits ( CLs ) --
Observed Limit: r < 25.1645
Expected  2.5%: r < 2.5378
Expected 16.0%: r < 3.6957
Expected 50.0%: r < 5.9062
Expected 84.0%: r < 9.7201
Expected 97.5%: r < 15.3851

Done in 0.00 min (cpu), 0.01 min (real)
