[INFO] Reading input dir: /wk_cms2/mc_cheng/public/tqHGG/2017/BDT_input_lep
DataSetInfo              : [dataset] : Added class "Signal"
                         : Add Tree T of type Signal with 1113532 events
                         : Add Tree T of type Signal with 1112410 events
DataSetInfo              : [dataset] : Added class "Background"
                         : Add Tree T of type Background with 29120 events
                         : Add Tree T of type Background with 29577 events
                         : Add Tree T of type Background with 58021 events
                         : Add Tree T of type Background with 57015 events
                         : Parsing option string: 
                         : ... "V:AnalysisType=Classification"
                         : The following options are set:
                         : - By User:
                         :     V: "True" [Verbose flag]
                         :     AnalysisType: "Classification" [Set the analysis type (Classification, Regression, Multiclass, Auto) (default: Auto)]
                         : - Default:
                         :     Color: "False" [Flag for coloured screen output (default: True, if in batch mode: False)]
                         :     Transformations: "I" [List of transformations to test; formatting example: "Transformations=I;D;P;U;G,D", for identity, decorrelation, PCA, Uniform and Gaussianisation followed by decorrelation transformations]
                         :     Correlations: "False" [boolean to show correlation in output]
                         :     ROC: "True" [boolean to show ROC in output]
                         :     Silent: "False" [Batch mode: boolean silent flag inhibiting any output from TMVA after the creation of the factory class object (default: False)]
                         :     DrawProgressBar: "True" [Draw progress bar to display training, testing and evaluation schedule (default: True)]
                         :     ModelPersistence: "True" [Option to save the trained model in xml file or using serialization]
<HEADER> Factory                  : Booking method: BDT
                         : 
<VERBOSE>                          : Parsing option string: 
<VERBOSE>                          : ... "H:V:NTrees=800:MaxDepth=5:BoostType=AdaBoost:AdaBoostBeta=0.4:IgnoreNegWeightsInTraining"
<VERBOSE>                          : The following options are set:
<VERBOSE>                          : - By User:
<VERBOSE>                          :     <none>
<VERBOSE>                          : - Default:
<VERBOSE>                          :     Boost_num: "0" [Number of times the classifier will be boosted]
<VERBOSE>                          : Parsing option string: 
<VERBOSE>                          : ... "H:V:NTrees=800:MaxDepth=5:BoostType=AdaBoost:AdaBoostBeta=0.4:IgnoreNegWeightsInTraining"
<VERBOSE>                          : The following options are set:
<VERBOSE>                          : - By User:
<VERBOSE>                          :     V: "True" [Verbose output (short form of "VerbosityLevel" below - overrides the latter one)]
<VERBOSE>                          :     H: "True" [Print method-specific help message]
<VERBOSE>                          :     IgnoreNegWeightsInTraining: "True" [Events with negative weights are ignored in the training (but are included for testing and performance evaluation)]
<VERBOSE>                          :     NTrees: "800" [Number of trees in the forest]
<VERBOSE>                          :     MaxDepth: "5" [Max depth of the decision tree allowed]
<VERBOSE>                          :     BoostType: "AdaBoost" [Boosting type for the trees in the forest (note: AdaCost is still experimental)]
<VERBOSE>                          :     AdaBoostBeta: "4.000000e-01" [Learning rate  for AdaBoost algorithm]
<VERBOSE>                          : - Default:
<VERBOSE>                          :     VerbosityLevel: "Default" [Verbosity level]
<VERBOSE>                          :     VarTransform: "None" [List of variable transformations performed before training, e.g., "D_Background,P_Signal,G,N_AllClasses" for: "Decorrelation, PCA-transformation, Gaussianisation, Normalisation, each for the given class of events ('AllClasses' denotes all events of all classes, if no class indication is given, 'All' is assumed)"]
<VERBOSE>                          :     CreateMVAPdfs: "False" [Create PDFs for classifier outputs (signal and background)]
<VERBOSE>                          :     MinNodeSize: "5%" [Minimum percentage of training events required in a leaf node (default: Classification: 5%, Regression: 0.2%)]
<VERBOSE>                          :     nCuts: "20" [Number of grid points in variable range used in finding optimal cut in node splitting]
<VERBOSE>                          :     AdaBoostR2Loss: "Quadratic" [Type of Loss function in AdaBoostR2]
<VERBOSE>                          :     UseBaggedBoost: "False" [Use only a random subsample of all events for growing the trees in each boost iteration.]
<VERBOSE>                          :     Shrinkage: "1.000000e+00" [Learning rate for GradBoost algorithm]
<VERBOSE>                          :     UseRandomisedTrees: "False" [Determine at each node splitting the cut variable only as the best out of a random subset of variables (like in RandomForests)]
<VERBOSE>                          :     UseNvars: "7" [Size of the subset of variables used with RandomisedTree option]
<VERBOSE>                          :     UsePoissonNvars: "True" [Interpret "UseNvars" not as fixed number but as mean of a Poisson distribution in each split with RandomisedTree option]
<VERBOSE>                          :     BaggedSampleFraction: "6.000000e-01" [Relative size of bagged event sample to original size of the data sample (used whenever bagging is used (i.e. UseBaggedBoost, Bagging,)]
<VERBOSE>                          :     UseYesNoLeaf: "True" [Use Sig or Bkg categories, or the purity=S/(S+B) as classification of the leaf node -> Real-AdaBoost]
<VERBOSE>                          :     NegWeightTreatment: "InverseBoostNegWeights" [How to treat events with negative weights in the BDT training (particular the boosting) : IgnoreInTraining;  Boost With inverse boostweight; Pair events with negative and positive weights in training sample and *annihilate* them (experimental!)]
<VERBOSE>                          :     Css: "1.000000e+00" [AdaCost: cost of true signal selected signal]
<VERBOSE>                          :     Cts_sb: "1.000000e+00" [AdaCost: cost of true signal selected bkg]
<VERBOSE>                          :     Ctb_ss: "1.000000e+00" [AdaCost: cost of true bkg    selected signal]
<VERBOSE>                          :     Cbb: "1.000000e+00" [AdaCost: cost of true bkg    selected bkg ]
<VERBOSE>                          :     NodePurityLimit: "5.000000e-01" [In boosting/pruning, nodes with purity > NodePurityLimit are signal; background otherwise.]
<VERBOSE>                          :     SeparationType: "GiniIndex" [Separation criterion for node splitting]
<VERBOSE>                          :     RegressionLossFunctionBDTG: "Huber" [Loss function for BDTG regression.]
<VERBOSE>                          :     HuberQuantile: "7.000000e-01" [In the Huber loss function this is the quantile that separates the core from the tails in the residuals distribution.]
<VERBOSE>                          :     DoBoostMonitor: "False" [Create control plot with ROC integral vs tree number]
<VERBOSE>                          :     UseFisherCuts: "False" [Use multivariate splits using the Fisher criterion]
<VERBOSE>                          :     MinLinCorrForFisher: "8.000000e-01" [The minimum linear correlation between two variables demanded for use in Fisher criterion in node splitting]
<VERBOSE>                          :     UseExclusiveVars: "False" [Variables already used in fisher criterion are not anymore analysed individually for node splitting]
<VERBOSE>                          :     DoPreselection: "False" [and and apply automatic pre-selection for 100% efficient signal (bkg) cuts prior to training]
<VERBOSE>                          :     SigToBkgFraction: "1.000000e+00" [Sig to Bkg ratio used in Training (similar to NodePurityLimit, which cannot be used in real adaboost]
<VERBOSE>                          :     PruneMethod: "NoPruning" [Note: for BDTs use small trees (e.g.MaxDepth=3) and NoPruning:  Pruning: Method used for pruning (removal) of statistically insignificant branches ]
<VERBOSE>                          :     PruneStrength: "0.000000e+00" [Pruning strength]
<VERBOSE>                          :     PruningValFraction: "5.000000e-01" [Fraction of events to use for optimizing automatic pruning.]
<VERBOSE>                          :     SkipNormalization: "False" [Skip normalization at initialization, to keep expectation value of BDT output according to the fraction of events]
<VERBOSE>                          :     nEventsMin: "0" [deprecated: Use MinNodeSize (in % of training events) instead]
<VERBOSE>                          :     UseBaggedGrad: "False" [deprecated: Use *UseBaggedBoost* instead:  Use only a random subsample of all events for growing the trees in each iteration.]
<VERBOSE>                          :     GradBaggingFraction: "6.000000e-01" [deprecated: Use *BaggedSampleFraction* instead: Defines the fraction of events to be used in each iteration, e.g. when UseBaggedGrad=kTRUE. ]
<VERBOSE>                          :     UseNTrainEvents: "0" [deprecated: Use *BaggedSampleFraction* instead: Number of randomly picked training events used in randomised (and bagged) trees]
<VERBOSE>                          :     NNodesMax: "0" [deprecated: Use MaxDepth instead to limit the tree size]
<VERBOSE>                          : Parsing option string: 
<VERBOSE>                          : ... "V:NormMode=EqualNumEvents"
<VERBOSE>                          : The following options are set:
<VERBOSE>                          : - By User:
<VERBOSE>                          :     NormMode: "EqualNumEvents" [Overall renormalisation of  event-by-event weights used in the training (NumEvents: average weight of 1 per event, independently for signal and background; EqualNumEvents: average weight of 1 per event for signal, and sum of weights for background equal to sum of weights for signal)]
<VERBOSE>                          :     V: "True" [Verbosity (default: true)]
<VERBOSE>                          : - Default:
<VERBOSE>                          :     SplitMode: "Random" [Method of picking training and testing events (default: random)]
<VERBOSE>                          :     MixMode: "SameAsSplitMode" [Method of mixing events of different classes into one dataset (default: SameAsSplitMode)]
<VERBOSE>                          :     SplitSeed: "100" [Seed for random event shuffling]
<VERBOSE>                          :     ScaleWithPreselEff: "False" [Scale the number of requested events by the eff. of the preselection cuts (or not)]
<VERBOSE>                          :     nTrain_Signal: "0" [Number of training events of class Signal (default: 0 = all)]
<VERBOSE>                          :     nTest_Signal: "0" [Number of test events of class Signal (default: 0 = all)]
<VERBOSE>                          :     TrainTestSplit_Signal: "0.000000e+00" [Number of test events of class Signal (default: 0 = all)]
<VERBOSE>                          :     nTrain_Background: "0" [Number of training events of class Background (default: 0 = all)]
<VERBOSE>                          :     nTest_Background: "0" [Number of test events of class Background (default: 0 = all)]
<VERBOSE>                          :     TrainTestSplit_Background: "0.000000e+00" [Number of test events of class Background (default: 0 = all)]
<VERBOSE>                          :     VerboseLevel: "Info" [VerboseLevel (Debug/Verbose/Info)]
<HEADER> DataSetFactory           : [dataset] : Number of events in input trees
                         : 
                         : 
                         : Dataset[dataset] : Weight renormalisation mode: "EqualNumEvents": renormalises all event classes ...
                         : Dataset[dataset] :  such that the effective (weighted) number of events in each class is the same 
                         : Dataset[dataset] :  (and equals the number of events (entries) given for class=0 )
                         : Dataset[dataset] : ... i.e. such that Sum[i=1..N_j]{w_i} = N_classA, j=classA, classB, ...
                         : Dataset[dataset] : ... (note that N_j is the sum of TRAINING events
                         : Dataset[dataset] :  ..... Testing events are not renormalised nor included in the renormalisation factor!)
                         : Number of training and testing events
                         : ---------------------------------------------------------------------------
                         : Signal     -- training events            : 1113532
                         : Signal     -- testing events             : 1112410
                         : Signal     -- training and testing events: 2225942
                         : Background -- training events            : 87141
                         : Background -- testing events             : 86592
                         : Background -- training and testing events: 173733
                         : 
<HEADER> DataSetInfo              : Correlation matrix (Signal):
                         : ------------------------------------------------------------------------------------------------------------------------------------------------------------------------------------------------------------------------------------------------------------------------------------------------------------------------------------------------------------------------------------------------------------------------------------------------------------------------------------------------------------------------------
                         :                  pho1_ptOverMgg pho1_eta pho1_PixelSeed pho2_ptOverMgg pho2_eta pho2_PixelSeed pho_maxIDMVA pho_minIDMVA dipho_ptOverMgg dipho_eta dipho_dPhi dipho_dR dipho_heliAngle lepton_ID lepton_pt lepton_eta lepton_ntight jet1_pt jet1_eta jet1_btag jet2_pt jet2_eta jet2_btag jet3_pt jet3_eta jet3_btag jet_btag1 jet_btag2   jet_N  jet_Ht  met_Pt TT_tqH_ptOverM TT_tqH_eta TT_dR_tqH_H TT_dR_qH TT_dR_tt TT_tbW_pt TT_tbW_eta TT_tbW_M TT_dR_tbW_H TT_score ST_tbW_pt ST_tbW_eta ST_tbW_M ST_dR_tbW_H ST_score
                         :  pho1_ptOverMgg:         +1.000   -0.000         -0.028         +0.298   -0.000         -0.020       +0.016       +0.001          +0.897    +0.000     -0.083   -0.648          +0.148    -0.031    +0.280     -0.002        +0.002  +0.368   +0.001    +0.022  +0.029   +0.016    +0.016  +0.065   +0.062    +0.063    +0.026    +0.016  +0.075  +0.281  +0.329         +0.017     +0.016      +0.016   +0.016   +0.016    +0.104     +0.016   +0.024      +0.016   +0.016    +0.611     -0.001   +0.083      +0.027   +0.080
                         :        pho1_eta:         -0.000   +1.000         -0.001         -0.001   +0.551         -0.001       +0.000       +0.001          -0.001    +0.885     +0.000   +0.001          -0.000    +0.001    +0.001     +0.256        +0.001  -0.003   +0.275    -0.002  +0.002   +0.002    +0.002  +0.000   +0.000    +0.000    -0.002    +0.002  +0.001  -0.001  -0.000         +0.002     +0.004      +0.002   +0.002   +0.002    +0.002     +0.002   +0.001      +0.002   +0.002    -0.001     +0.291   +0.001      +0.001   -0.002
                         :  pho1_PixelSeed:         -0.028   -0.001         +1.000         -0.014   +0.001         +0.032       -0.086       -0.071          -0.019    +0.000     +0.004   +0.018          +0.071    -0.013    -0.010     +0.000        +0.001  -0.015   +0.002    -0.001  -0.019   -0.019    -0.019  -0.012   -0.012    -0.012    -0.004    -0.019  -0.016  -0.017  -0.004         -0.019     -0.019      -0.019   -0.018   -0.019    -0.020     -0.019   -0.018      -0.019   -0.019    -0.015     +0.001   +0.008      +0.041   -0.002
                         :  pho2_ptOverMgg:         +0.298   -0.001         -0.014         +1.000   -0.001         -0.022       +0.023       +0.009          +0.567    -0.001     -0.063   -0.651          -0.495    -0.021    +0.175     +0.001        +0.000  +0.245   -0.004    +0.016  +0.020   +0.012    +0.012  +0.040   +0.038    +0.038    +0.017    +0.012  +0.047  +0.185  +0.215         +0.012     +0.012      +0.012   +0.012   +0.012    +0.068     +0.012   +0.016      +0.012   +0.012    +0.396     +0.000   +0.051      +0.029   +0.056
                         :        pho2_eta:         -0.000   +0.551         +0.001         -0.001   +1.000         -0.004       +0.001       +0.003          -0.001    +0.773     -0.001   +0.001          +0.001    +0.002    +0.000     +0.222        -0.000  -0.002   +0.236    -0.001  +0.001   +0.001    +0.000  +0.001   +0.001    +0.001    -0.001    +0.000  +0.001  -0.001  -0.000         +0.000     +0.002      +0.000   +0.000   +0.000    +0.000     +0.001   +0.000      +0.000   +0.000    -0.002     +0.249   +0.000      +0.001   +0.001
                         :  pho2_PixelSeed:         -0.020   -0.001         +0.032         -0.022   -0.004         +1.000       -0.075       -0.083          -0.012    -0.003     +0.005   +0.015          -0.106    -0.010    -0.007     +0.002        -0.005  -0.009   +0.001    +0.000  -0.010   -0.010    -0.010  -0.004   -0.004    -0.004    -0.002    -0.010  -0.006  -0.009  -0.001         -0.010     -0.010      -0.010   -0.010   -0.010    -0.011     -0.010   -0.009      -0.010   -0.010    -0.010     +0.001   +0.007      +0.028   -0.001
                         :    pho_maxIDMVA:         +0.016   +0.000         -0.086         +0.023   +0.001         -0.075       +1.000       +0.430          +0.022    +0.000     -0.020   -0.039          +0.002    -0.001    -0.016     +0.001        +0.005  -0.018   -0.001    +0.012  -0.002   -0.001    -0.001  -0.012   -0.012    -0.012    +0.014    -0.001  -0.015  -0.018  -0.025         -0.001     -0.001      -0.001   -0.001   -0.001    -0.005     -0.001   -0.002      -0.001   -0.001    -0.026     +0.001   -0.011      -0.006   +0.016
                         :    pho_minIDMVA:         +0.001   +0.001         -0.071         +0.009   +0.003         -0.083       +0.430       +1.000          +0.004    +0.002     -0.015   -0.018          +0.013    -0.005    -0.032     +0.001        +0.003  -0.041   +0.003    +0.016  +0.004   +0.006    +0.006  -0.013   -0.013    -0.013    +0.020    +0.006  -0.014  -0.033  -0.044         +0.006     +0.006      +0.006   +0.006   +0.006    -0.003     +0.006   +0.004      +0.006   +0.006    -0.059     +0.003   -0.017      +0.006   +0.022
                         : dipho_ptOverMgg:         +0.897   -0.001         -0.019         +0.567   -0.001         -0.012       +0.022       +0.004          +1.000    -0.000     -0.174   -0.864          -0.028    -0.033    +0.311     -0.001        +0.003  +0.402   -0.000    +0.026  +0.033   +0.019    +0.019  +0.074   +0.071    +0.071    +0.031    +0.019  +0.085  +0.309  +0.355         +0.020     +0.019      +0.019   +0.019   +0.019    +0.117     +0.019   +0.027      +0.019   +0.019    +0.679     -0.000   +0.090      +0.028   +0.091
                         :       dipho_eta:         +0.000   +0.885         +0.000         -0.001   +0.773         -0.003       +0.000       +0.002          -0.000    +1.000     -0.001   +0.000          +0.000    +0.002    +0.001     +0.257        +0.001  -0.002   +0.286    -0.002  +0.002   +0.002    +0.002  +0.002   +0.002    +0.002    -0.001    +0.002  +0.002  +0.000  -0.000         +0.002     +0.004      +0.002   +0.002   +0.002    +0.001     +0.002   +0.001      +0.002   +0.002    -0.001     +0.304   +0.001      +0.001   -0.000
                         :      dipho_dPhi:         -0.083   +0.000         +0.004         -0.063   -0.001         +0.005       -0.020       -0.015          -0.174    -0.001     +1.000   +0.429          +0.120    +0.003    -0.049     -0.000        -0.006  -0.027   +0.001    -0.012  +0.009   +0.011    +0.011  -0.006   -0.006    -0.006    -0.009    +0.011  -0.003  -0.021  -0.018         +0.011     +0.011      +0.011   +0.011   +0.011    -0.003     +0.011   +0.010      +0.011   +0.011    -0.095     -0.001   -0.013      -0.004   -0.013
                         :        dipho_dR:         -0.648   +0.001         +0.018         -0.651   +0.001         +0.015       -0.039       -0.018          -0.864    +0.000     +0.429   +1.000          +0.256    +0.027    -0.269     +0.000        -0.005  -0.324   +0.001    -0.028  -0.021   -0.009    -0.009  -0.062   -0.059    -0.059    -0.030    -0.009  -0.069  -0.250  -0.281         -0.010     -0.009      -0.009   -0.009   -0.009    -0.093     -0.009   -0.016      -0.009   -0.009    -0.578     -0.001   -0.074      -0.029   -0.081
                         : dipho_heliAngle:         +0.148   -0.000         +0.071         -0.495   +0.001         -0.106       +0.002       +0.013          -0.028    +0.000     +0.120   +0.256          +1.000    +0.002    -0.009     -0.002        +0.001  -0.018   +0.003    -0.005  +0.000   +0.001    +0.001  -0.003   -0.003    -0.003    -0.004    +0.001  -0.003  -0.013  -0.009         +0.001     +0.001      +0.001   +0.001   +0.001    -0.002     +0.001   +0.001      +0.001   +0.001    -0.024     -0.001   +0.001      -0.018   -0.009
                         :       lepton_ID:         -0.031   +0.001         -0.013         -0.021   +0.002         -0.010       -0.001       -0.005          -0.033    +0.002     +0.003   +0.027          +0.002    +1.000    -0.002     -0.004        +0.000  -0.001   -0.002    -0.008  +0.028   +0.028    +0.028  +0.021   +0.021    +0.021    -0.000    +0.028  +0.027  +0.012  -0.007         +0.028     +0.028      +0.028   +0.028   +0.028    +0.026     +0.028   +0.027      +0.028   +0.028    -0.015     -0.003   +0.001      -0.017   -0.010
                         :       lepton_pt:         +0.280   +0.001         -0.010         +0.175   +0.000         -0.007       -0.016       -0.032          +0.311    +0.001     -0.049   -0.269          -0.009    -0.002    +1.000     +0.001        +0.056  +0.114   -0.000    -0.073  +0.021   +0.016    +0.016  +0.045   +0.044    +0.044    -0.038    +0.016  +0.052  +0.106  -0.040         +0.016     +0.016      +0.015   +0.015   +0.016    +0.081     +0.016   +0.027      +0.016   +0.016    +0.427     +0.003   +0.137      +0.024   -0.056
                         :      lepton_eta:         -0.002   +0.256         +0.000         +0.001   +0.222         +0.002       +0.001       +0.001          -0.001    +0.257     -0.000   +0.000          -0.002    -0.004    +0.001     +1.000        -0.000  -0.003   +0.373    -0.003  -0.001   -0.000    -0.001  -0.003   -0.003    -0.003    -0.005    -0.001  -0.003  -0.004  -0.000         -0.001     -0.000      -0.001   -0.001   -0.001    -0.001     +0.001   -0.001      -0.001   -0.001    -0.002     +0.778   -0.001      +0.004   -0.001
                         :   lepton_ntight:         +0.002   +0.001         +0.001         +0.000   -0.000         -0.005       +0.005       +0.003          +0.003    +0.001     -0.006   -0.005          +0.001    +0.000    +0.056     -0.000        +1.000  -0.006   +0.001    +0.004  -0.013   -0.012    -0.012  -0.011   -0.011    -0.011    -0.003    -0.012  -0.013  -0.010  -0.012         -0.012     -0.012      -0.012   -0.012   -0.012    -0.011     -0.012   -0.012      -0.012   -0.012    +0.004     +0.000   +0.001      -0.001   -0.013
                         :         jet1_pt:         +0.368   -0.003         -0.015         +0.245   -0.002         -0.009       -0.018       -0.041          +0.402    -0.002     -0.027   -0.324          -0.018    -0.001    +0.114     -0.003        -0.006  +1.000   -0.001    -0.009  +0.263   +0.223    +0.223  +0.301   +0.292    +0.292    +0.122    +0.224  +0.358  +0.862  +0.144         +0.224     +0.223      +0.223   +0.223   +0.223    +0.296     +0.223   +0.247      +0.223   +0.223    +0.507     -0.001   +0.204      -0.198   +0.196
                         :        jet1_eta:         +0.001   +0.275         +0.002         -0.004   +0.236         +0.001       -0.001       +0.003          -0.000    +0.286     +0.001   +0.001          +0.003    -0.002    -0.000     +0.373        +0.001  -0.001   +1.000    -0.005  +0.001   +0.001    +0.001  -0.001   -0.001    -0.001    -0.003    +0.001  -0.001  -0.002  -0.000         +0.001     +0.002      +0.001   +0.001   +0.001    +0.000     +0.002   +0.001      +0.001   +0.001    -0.002     +0.529   +0.002      +0.003   -0.001
                         :       jet1_btag:         +0.022   -0.002         -0.001         +0.016   -0.001         +0.000       +0.012       +0.016          +0.026    -0.002     -0.012   -0.028          -0.005    -0.008    -0.073     -0.003        +0.004  -0.009   -0.005    +1.000  -0.050   -0.046    -0.046  -0.100   -0.099    -0.099    +0.649    -0.046  -0.106  -0.068  -0.085         -0.046     -0.046      -0.046   -0.046   -0.046    -0.043     -0.046   -0.044      -0.046   -0.046    +0.034     -0.004   +0.017      +0.101   +0.514
                         :         jet2_pt:         +0.029   +0.002         -0.019         +0.020   +0.001         -0.010       -0.002       +0.004          +0.033    +0.002     +0.009   -0.021          +0.000    +0.028    +0.021     -0.001        -0.013  +0.263   +0.001    -0.050  +1.000   +0.998    +0.998  +0.479   +0.478    +0.478    +0.234    +0.998  +0.665  +0.476  +0.027         +0.998     +0.998      +0.998   +0.998   +0.998    +0.988     +0.998   +0.991      +0.998   +0.998    +0.132     -0.000   -0.050      -0.127   +0.237
                         :        jet2_eta:         +0.016   +0.002         -0.019         +0.012   +0.001         -0.010       -0.001       +0.006          +0.019    +0.002     +0.011   -0.009          +0.001    +0.028    +0.016     -0.000        -0.012  +0.223   +0.001    -0.046  +0.998   +1.000    +1.000  +0.459   +0.459    +0.459    +0.231    +1.000  +0.645  +0.426  +0.021         +1.000     +1.000      +1.000   +1.000   +1.000    +0.986     +1.000   +0.993      +1.000   +1.000    +0.108     +0.000   -0.057      -0.117   +0.228
                         :       jet2_btag:         +0.016   +0.002         -0.019         +0.012   +0.000         -0.010       -0.001       +0.006          +0.019    +0.002     +0.011   -0.009          +0.001    +0.028    +0.016     -0.001        -0.012  +0.223   +0.001    -0.046  +0.998   +1.000    +1.000  +0.459   +0.460    +0.460    +0.231    +1.000  +0.645  +0.426  +0.021         +1.000     +1.000      +1.000   +1.000   +1.000    +0.986     +1.000   +0.993      +1.000   +1.000    +0.108     -0.000   -0.058      -0.117   +0.228
                         :         jet3_pt:         +0.065   +0.000         -0.012         +0.040   +0.001         -0.004       -0.012       -0.013          +0.074    +0.002     -0.006   -0.062          -0.003    +0.021    +0.045     -0.003        -0.011  +0.301   -0.001    -0.100  +0.479   +0.459    +0.459  +1.000   +1.000    +1.000    +0.159    +0.460  +0.824  +0.585  +0.056         +0.459     +0.459      +0.459   +0.459   +0.459    +0.470     +0.459   +0.452      +0.459   +0.459    +0.150     -0.002   -0.022      -0.153   +0.165
                         :        jet3_eta:         +0.062   +0.000         -0.012         +0.038   +0.001         -0.004       -0.012       -0.013          +0.071    +0.002     -0.006   -0.059          -0.003    +0.021    +0.044     -0.003        -0.011  +0.292   -0.001    -0.099  +0.478   +0.459    +0.460  +1.000   +1.000    +1.000    +0.158    +0.460  +0.818  +0.571  +0.055         +0.460     +0.459      +0.459   +0.459   +0.459    +0.469     +0.459   +0.452      +0.459   +0.460    +0.144     -0.002   -0.023      -0.150   +0.163
                         :       jet3_btag:         +0.063   +0.000         -0.012         +0.038   +0.001         -0.004       -0.012       -0.013          +0.071    +0.002     -0.006   -0.059          -0.003    +0.021    +0.044     -0.003        -0.011  +0.292   -0.001    -0.099  +0.478   +0.459    +0.460  +1.000   +1.000    +1.000    +0.158    +0.460  +0.818  +0.571  +0.055         +0.460     +0.459      +0.459   +0.459   +0.459    +0.469     +0.459   +0.452      +0.459   +0.460    +0.144     -0.002   -0.023      -0.150   +0.163
                         :       jet_btag1:         +0.026   -0.002         -0.004         +0.017   -0.001         -0.002       +0.014       +0.020          +0.031    -0.001     -0.009   -0.030          -0.004    -0.000    -0.038     -0.005        -0.003  +0.122   -0.003    +0.649  +0.234   +0.231    +0.231  +0.159   +0.158    +0.158    +1.000    +0.231  +0.198  +0.173  -0.046         +0.231     +0.231      +0.231   +0.231   +0.231    +0.228     +0.231   +0.221      +0.231   +0.231    +0.056     -0.005   -0.060      +0.007   +0.783
                         :       jet_btag2:         +0.016   +0.002         -0.019         +0.012   +0.000         -0.010       -0.001       +0.006          +0.019    +0.002     +0.011   -0.009          +0.001    +0.028    +0.016     -0.001        -0.012  +0.224   +0.001    -0.046  +0.998   +1.000    +1.000  +0.460   +0.460    +0.460    +0.231    +1.000  +0.645  +0.426  +0.021         +1.000     +1.000      +1.000   +1.000   +1.000    +0.986     +1.000   +0.993      +1.000   +1.000    +0.108     -0.000   -0.057      -0.117   +0.228
                         :           jet_N:         +0.075   +0.001         -0.016         +0.047   +0.001         -0.006       -0.015       -0.014          +0.085    +0.002     -0.003   -0.069          -0.003    +0.027    +0.052     -0.003        -0.013  +0.358   -0.001    -0.106  +0.665   +0.645    +0.645  +0.824   +0.818    +0.818    +0.198    +0.645  +1.000  +0.713  +0.064         +0.645     +0.645      +0.645   +0.645   +0.645    +0.653     +0.645   +0.638      +0.645   +0.645    +0.172     -0.002   -0.028      -0.177   +0.201
                         :          jet_Ht:         +0.281   -0.001         -0.017         +0.185   -0.001         -0.009       -0.018       -0.033          +0.309    +0.000     -0.021   -0.250          -0.013    +0.012    +0.106     -0.004        -0.010  +0.862   -0.002    -0.068  +0.476   +0.426    +0.426  +0.585   +0.571    +0.571    +0.173    +0.426  +0.713  +1.000  +0.130         +0.427     +0.426      +0.426   +0.426   +0.426    +0.486     +0.426   +0.440      +0.426   +0.426    +0.449     -0.002   +0.128      -0.228   +0.238
                         :          met_Pt:         +0.329   -0.000         -0.004         +0.215   -0.000         -0.001       -0.025       -0.044          +0.355    -0.000     -0.018   -0.281          -0.009    -0.007    -0.040     -0.000        -0.012  +0.144   -0.000    -0.085  +0.027   +0.021    +0.021  +0.056   +0.055    +0.055    -0.046    +0.021  +0.064  +0.130  +1.000         +0.021     +0.021      +0.021   +0.021   +0.021    +0.103     +0.021   +0.040      +0.021   +0.021    +0.541     +0.000   +0.206      +0.009   -0.091
                         :  TT_tqH_ptOverM:         +0.017   +0.002         -0.019         +0.012   +0.000         -0.010       -0.001       +0.006          +0.020    +0.002     +0.011   -0.010          +0.001    +0.028    +0.016     -0.001        -0.012  +0.224   +0.001    -0.046  +0.998   +1.000    +1.000  +0.459   +0.460    +0.460    +0.231    +1.000  +0.645  +0.427  +0.021         +1.000     +1.000      +1.000   +1.000   +1.000    +0.986     +1.000   +0.993      +1.000   +1.000    +0.109     -0.000   -0.057      -0.117   +0.228
                         :      TT_tqH_eta:         +0.016   +0.004         -0.019         +0.012   +0.002         -0.010       -0.001       +0.006          +0.019    +0.004     +0.011   -0.009          +0.001    +0.028    +0.016     -0.000        -0.012  +0.223   +0.002    -0.046  +0.998   +1.000    +1.000  +0.459   +0.459    +0.459    +0.231    +1.000  +0.645  +0.426  +0.021         +1.000     +1.000      +1.000   +1.000   +1.000    +0.986     +1.000   +0.993      +1.000   +1.000    +0.108     +0.001   -0.057      -0.117   +0.228
                         :     TT_dR_tqH_H:         +0.016   +0.002         -0.019         +0.012   +0.000         -0.010       -0.001       +0.006          +0.019    +0.002     +0.011   -0.009          +0.001    +0.028    +0.015     -0.001        -0.012  +0.223   +0.001    -0.046  +0.998   +1.000    +1.000  +0.459   +0.459    +0.459    +0.231    +1.000  +0.645  +0.426  +0.021         +1.000     +1.000      +1.000   +1.000   +1.000    +0.986     +1.000   +0.993      +1.000   +1.000    +0.108     -0.000   -0.057      -0.117   +0.228
                         :        TT_dR_qH:         +0.016   +0.002         -0.018         +0.012   +0.000         -0.010       -0.001       +0.006          +0.019    +0.002     +0.011   -0.009          +0.001    +0.028    +0.015     -0.001        -0.012  +0.223   +0.001    -0.046  +0.998   +1.000    +1.000  +0.459   +0.459    +0.459    +0.231    +1.000  +0.645  +0.426  +0.021         +1.000     +1.000      +1.000   +1.000   +1.000    +0.986     +1.000   +0.993      +1.000   +1.000    +0.107     -0.000   -0.058      -0.117   +0.228
                         :        TT_dR_tt:         +0.016   +0.002         -0.019         +0.012   +0.000         -0.010       -0.001       +0.006          +0.019    +0.002     +0.011   -0.009          +0.001    +0.028    +0.016     -0.001        -0.012  +0.223   +0.001    -0.046  +0.998   +1.000    +1.000  +0.459   +0.459    +0.459    +0.231    +1.000  +0.645  +0.426  +0.021         +1.000     +1.000      +1.000   +1.000   +1.000    +0.986     +1.000   +0.993      +1.000   +1.000    +0.108     -0.000   -0.057      -0.116   +0.228
                         :       TT_tbW_pt:         +0.104   +0.002         -0.020         +0.068   +0.000         -0.011       -0.005       -0.003          +0.117    +0.001     -0.003   -0.093          -0.002    +0.026    +0.081     -0.001        -0.011  +0.296   +0.000    -0.043  +0.988   +0.986    +0.986  +0.470   +0.469    +0.469    +0.228    +0.986  +0.653  +0.486  +0.103         +0.986     +0.986      +0.986   +0.986   +0.986    +1.000     +0.986   +0.980      +0.986   +0.986    +0.252     -0.000   -0.041      -0.111   +0.237
                         :      TT_tbW_eta:         +0.016   +0.002         -0.019         +0.012   +0.001         -0.010       -0.001       +0.006          +0.019    +0.002     +0.011   -0.009          +0.001    +0.028    +0.016     +0.001        -0.012  +0.223   +0.002    -0.046  +0.998   +1.000    +1.000  +0.459   +0.459    +0.459    +0.231    +1.000  +0.645  +0.426  +0.021         +1.000     +1.000      +1.000   +1.000   +1.000    +0.986     +1.000   +0.993      +1.000   +1.000    +0.108     +0.002   -0.057      -0.117   +0.228
                         :        TT_tbW_M:         +0.024   +0.001         -0.018         +0.016   +0.000         -0.009       -0.002       +0.004          +0.027    +0.001     +0.010   -0.016          +0.001    +0.027    +0.027     -0.001        -0.012  +0.247   +0.001    -0.044  +0.991   +0.993    +0.993  +0.452   +0.452    +0.452    +0.221    +0.993  +0.638  +0.440  +0.040         +0.993     +0.993      +0.993   +0.993   +0.993    +0.980     +0.993   +1.000      +0.993   +0.993    +0.118     -0.001   +0.020      -0.121   +0.214
                         :     TT_dR_tbW_H:         +0.016   +0.002         -0.019         +0.012   +0.000         -0.010       -0.001       +0.006          +0.019    +0.002     +0.011   -0.009          +0.001    +0.028    +0.016     -0.001        -0.012  +0.223   +0.001    -0.046  +0.998   +1.000    +1.000  +0.459   +0.459    +0.459    +0.231    +1.000  +0.645  +0.426  +0.021         +1.000     +1.000      +1.000   +1.000   +1.000    +0.986     +1.000   +0.993      +1.000   +1.000    +0.108     -0.000   -0.057      -0.115   +0.228
                         :        TT_score:         +0.016   +0.002         -0.019         +0.012   +0.000         -0.010       -0.001       +0.006          +0.019    +0.002     +0.011   -0.009          +0.001    +0.028    +0.016     -0.001        -0.012  +0.223   +0.001    -0.046  +0.998   +1.000    +1.000  +0.459   +0.460    +0.460    +0.231    +1.000  +0.645  +0.426  +0.021         +1.000     +1.000      +1.000   +1.000   +1.000    +0.986     +1.000   +0.993      +1.000   +1.000    +0.108     -0.000   -0.058      -0.117   +0.228
                         :       ST_tbW_pt:         +0.611   -0.001         -0.015         +0.396   -0.002         -0.010       -0.026       -0.059          +0.679    -0.001     -0.095   -0.578          -0.024    -0.015    +0.427     -0.002        +0.004  +0.507   -0.002    +0.034  +0.132   +0.108    +0.108  +0.150   +0.144    +0.144    +0.056    +0.108  +0.172  +0.449  +0.541         +0.109     +0.108      +0.108   +0.107   +0.108    +0.252     +0.108   +0.118      +0.108   +0.108    +1.000     -0.000   +0.104      +0.024   +0.138
                         :      ST_tbW_eta:         -0.001   +0.291         +0.001         +0.000   +0.249         +0.001       +0.001       +0.003          -0.000    +0.304     -0.001   -0.001          -0.001    -0.003    +0.003     +0.778        +0.000  -0.001   +0.529    -0.004  -0.000   +0.000    -0.000  -0.002   -0.002    -0.002    -0.005    -0.000  -0.002  -0.002  +0.000         -0.000     +0.001      -0.000   -0.000   -0.000    -0.000     +0.002   -0.001      -0.000   -0.000    -0.000     +1.000   +0.002      +0.003   -0.002
                         :        ST_tbW_M:         +0.083   +0.001         +0.008         +0.051   +0.000         +0.007       -0.011       -0.017          +0.090    +0.001     -0.013   -0.074          +0.001    +0.001    +0.137     -0.001        +0.001  +0.204   +0.002    +0.017  -0.050   -0.057    -0.058  -0.022   -0.023    -0.023    -0.060    -0.057  -0.028  +0.128  +0.206         -0.057     -0.057      -0.057   -0.058   -0.057    -0.041     -0.057   +0.020      -0.057   -0.058    +0.104     +0.002   +1.000      +0.032   -0.119
                         :     ST_dR_tbW_H:         +0.027   +0.001         +0.041         +0.029   +0.001         +0.028       -0.006       +0.006          +0.028    +0.001     -0.004   -0.029          -0.018    -0.017    +0.024     +0.004        -0.001  -0.198   +0.003    +0.101  -0.127   -0.117    -0.117  -0.153   -0.150    -0.150    +0.007    -0.117  -0.177  -0.228  +0.009         -0.117     -0.117      -0.117   -0.117   -0.116    -0.111     -0.117   -0.121      -0.115   -0.117    +0.024     +0.003   +0.032      +1.000   +0.028
                         :        ST_score:         +0.080   -0.002         -0.002         +0.056   +0.001         -0.001       +0.016       +0.022          +0.091    -0.000     -0.013   -0.081          -0.009    -0.010    -0.056     -0.001        -0.013  +0.196   -0.001    +0.514  +0.237   +0.228    +0.228  +0.165   +0.163    +0.163    +0.783    +0.228  +0.201  +0.238  -0.091         +0.228     +0.228      +0.228   +0.228   +0.228    +0.237     +0.228   +0.214      +0.228   +0.228    +0.138     -0.002   -0.119      +0.028   +1.000
                         : ------------------------------------------------------------------------------------------------------------------------------------------------------------------------------------------------------------------------------------------------------------------------------------------------------------------------------------------------------------------------------------------------------------------------------------------------------------------------------------------------------------------------------
<HEADER> DataSetInfo              : Correlation matrix (Background):
                         : ------------------------------------------------------------------------------------------------------------------------------------------------------------------------------------------------------------------------------------------------------------------------------------------------------------------------------------------------------------------------------------------------------------------------------------------------------------------------------------------------------------------------------
                         :                  pho1_ptOverMgg pho1_eta pho1_PixelSeed pho2_ptOverMgg pho2_eta pho2_PixelSeed pho_maxIDMVA pho_minIDMVA dipho_ptOverMgg dipho_eta dipho_dPhi dipho_dR dipho_heliAngle lepton_ID lepton_pt lepton_eta lepton_ntight jet1_pt jet1_eta jet1_btag jet2_pt jet2_eta jet2_btag jet3_pt jet3_eta jet3_btag jet_btag1 jet_btag2   jet_N  jet_Ht  met_Pt TT_tqH_ptOverM TT_tqH_eta TT_dR_tqH_H TT_dR_qH TT_dR_tt TT_tbW_pt TT_tbW_eta TT_tbW_M TT_dR_tbW_H TT_score ST_tbW_pt ST_tbW_eta ST_tbW_M ST_dR_tbW_H ST_score
                         :  pho1_ptOverMgg:         +1.000   -0.138         -0.139         +0.218   +0.093         -0.132       +0.377       +0.252          +0.863    -0.081     -0.088   -0.650          -0.059    -0.039    +0.307     +0.202        +0.083  +0.293   +0.044    +0.107  +0.221   +0.216    +0.216  +0.180   +0.176    +0.176    +0.152    +0.216  +0.237  +0.286  +0.170         +0.216     +0.216      +0.215   +0.216   +0.216    +0.242     +0.215   +0.238      +0.216   +0.216    +0.319     +0.147   +0.094      -0.306   +0.020
                         :        pho1_eta:         -0.138   +1.000         +0.165         -0.198   -0.036         -0.074       -0.224       -0.147          -0.124    +0.733     +0.070   +0.218          +0.258    +0.205    -0.121     +0.108        -0.076  -0.044   -0.207    +0.001  -0.079   -0.078    -0.078  -0.115   -0.115    -0.115    -0.028    -0.078  -0.101  -0.066  -0.108         -0.078     -0.077      -0.078   -0.078   -0.077    -0.088     -0.078   -0.075      -0.078   -0.078    -0.089     +0.066   +0.028      +0.212   +0.064
                         :  pho1_PixelSeed:         -0.139   +0.165         +1.000         -0.101   -0.111         -0.127       -0.251       -0.204          -0.094    +0.093     -0.066   +0.079          +0.147    +0.068    -0.008     -0.249        +0.309  +0.007   -0.199    +0.011  -0.222   -0.224    -0.224  -0.056   -0.055    -0.055    -0.012    -0.224  -0.151  -0.053  -0.018         -0.224     -0.224      -0.223   -0.223   -0.224    -0.216     -0.223   -0.216      -0.224   -0.224    -0.004     -0.282   +0.180      +0.260   +0.237
                         :  pho2_ptOverMgg:         +0.218   -0.198         -0.101         +1.000   +0.087         -0.040       +0.186       +0.140          +0.202    -0.128     -0.091   -0.641          -0.588    -0.129    +0.080     +0.057        +0.126  +0.096   +0.179    -0.037  +0.007   +0.001    +0.001  +0.101   +0.099    +0.099    +0.002    +0.001  +0.056  +0.102  +0.079         +0.001     +0.001      +0.001   +0.001   +0.001    +0.012     +0.001   +0.002      +0.001   +0.001    +0.072     +0.033   -0.014      -0.117   -0.006
                         :        pho2_eta:         +0.093   -0.036         -0.111         +0.087   +1.000         -0.264       +0.209       +0.239          +0.003    +0.560     +0.149   +0.001          -0.119    +0.168    +0.003     +0.321        -0.022  -0.036   +0.160    -0.002  -0.187   -0.189    -0.189  +0.019   +0.019    +0.019    +0.005    -0.189  -0.084  -0.046  +0.093         -0.189     -0.188      -0.189   -0.189   -0.189    -0.181     -0.189   -0.170      -0.189   -0.189    -0.001     +0.008   +0.010      -0.004   -0.101
                         :  pho2_PixelSeed:         -0.132   -0.074         -0.127         -0.040   -0.264         +1.000       -0.186       -0.192          -0.045    -0.259     -0.128   +0.034          -0.108    -0.263    +0.018     -0.105        -0.061  -0.021   +0.145    -0.046  +0.171   +0.170    +0.170  +0.000   +0.000    +0.000    -0.042    +0.170  +0.074  +0.023  +0.041         +0.170     +0.169      +0.170   +0.170   +0.170    +0.170     +0.170   +0.143      +0.170   +0.170    +0.024     +0.133   -0.064      -0.018   -0.041
                         :    pho_maxIDMVA:         +0.377   -0.224         -0.251         +0.186   +0.209         -0.186       +1.000       +0.587          +0.273    -0.054     +0.059   -0.242          -0.188    -0.073    +0.257     +0.379        +0.049  +0.101   +0.127    +0.017  +0.121   +0.120    +0.119  +0.117   +0.116    +0.116    +0.043    +0.120  +0.129  +0.116  +0.071         +0.119     +0.120      +0.119   +0.120   +0.120    +0.124     +0.119   +0.145      +0.119   +0.119    +0.082     +0.228   -0.028      -0.432   -0.146
                         :    pho_minIDMVA:         +0.252   -0.147         -0.204         +0.140   +0.239         -0.192       +0.587       +1.000          +0.183    +0.036     +0.027   -0.163          -0.189    +0.096    +0.131     +0.339        -0.053  +0.085   +0.203    +0.028  +0.039   +0.035    +0.035  +0.102   +0.102    +0.102    +0.051    +0.035  +0.067  +0.085  +0.077         +0.035     +0.036      +0.035   +0.035   +0.035    +0.044     +0.035   +0.058      +0.035   +0.035    +0.065     +0.100   -0.018      -0.263   -0.107
                         : dipho_ptOverMgg:         +0.863   -0.124         -0.094         +0.202   +0.003         -0.045       +0.273       +0.183          +1.000    -0.126     -0.380   -0.751          -0.033    -0.085    +0.330     +0.127        +0.135  +0.394   +0.047    +0.127  +0.252   +0.241    +0.241  +0.221   +0.216    +0.216    +0.185    +0.241  +0.287  +0.388  +0.213         +0.241     +0.241      +0.240   +0.240   +0.241    +0.274     +0.241   +0.262      +0.240   +0.241    +0.406     +0.132   +0.164      -0.269   +0.099
                         :       dipho_eta:         -0.081   +0.733         +0.093         -0.128   +0.560         -0.259       -0.054       +0.036          -0.126    +1.000     +0.175   +0.217          +0.159    +0.306    -0.103     +0.245        -0.061  -0.081   -0.117    +0.009  -0.236   -0.235    -0.235  -0.105   -0.106    -0.106    -0.017    -0.235  -0.172  -0.114  -0.045         -0.235     -0.234      -0.235   -0.235   -0.235    -0.239     -0.236   -0.218      -0.235   -0.235    -0.089     -0.011   +0.044      +0.206   -0.010
                         :      dipho_dPhi:         -0.088   +0.070         -0.066         -0.091   +0.149         -0.128       +0.059       +0.027          -0.380    +0.175     +1.000   +0.472          +0.065    +0.183    -0.172     +0.088        -0.176  -0.238   -0.126    -0.069  -0.117   -0.106    -0.106  -0.156   -0.154    -0.154    -0.119    -0.106  -0.164  -0.240  -0.125         -0.106     -0.105      -0.106   -0.105   -0.105    -0.127     -0.106   -0.109      -0.105   -0.106    -0.232     -0.039   -0.149      +0.043   -0.155
                         :        dipho_dR:         -0.650   +0.218         +0.079         -0.641   +0.001         +0.034       -0.242       -0.163          -0.751    +0.217     +0.472   +1.000          +0.365    +0.162    -0.275     -0.053        -0.211  -0.323   -0.147    -0.079  -0.186   -0.175    -0.175  -0.217   -0.214    -0.214    -0.140    -0.175  -0.233  -0.318  -0.184         -0.175     -0.175      -0.175   -0.175   -0.175    -0.205     -0.176   -0.186      -0.175   -0.175    -0.314     -0.096   -0.126      +0.225   -0.107
                         : dipho_heliAngle:         -0.059   +0.258         +0.147         -0.588   -0.119         -0.108       -0.188       -0.189          -0.033    +0.159     +0.065   +0.365          +1.000    +0.155    -0.075     -0.088        -0.053  -0.050   -0.314    +0.032  +0.033   +0.039    +0.038  -0.079   -0.079    -0.079    +0.003    +0.039  -0.019  -0.053  -0.130         +0.039     +0.039      +0.038   +0.039   +0.039    +0.024     +0.038   +0.037      +0.039   +0.038    -0.089     -0.016   +0.005      +0.112   +0.072
                         :       lepton_ID:         -0.039   +0.205         +0.068         -0.129   +0.168         -0.263       -0.073       +0.096          -0.085    +0.306     +0.183   +0.162          +0.155    +1.000    -0.071     +0.103        -0.058  -0.048   -0.185    -0.002  -0.142   -0.142    -0.142  -0.040   -0.041    -0.041    -0.028    -0.142  -0.101  -0.064  -0.093         -0.142     -0.141      -0.142   -0.142   -0.142    -0.146     -0.142   -0.127      -0.142   -0.142    -0.060     -0.136   +0.034      +0.069   -0.017
                         :       lepton_pt:         +0.307   -0.121         -0.008         +0.080   +0.003         +0.018       +0.257       +0.131          +0.330    -0.103     -0.172   -0.275          -0.075    -0.071    +1.000     +0.069        +0.297  +0.347   +0.097    +0.067  +0.148   +0.141    +0.141  +0.155   +0.153    +0.153    +0.101    +0.141  +0.172  +0.294  +0.172         +0.141     +0.141      +0.141   +0.141   +0.141    +0.178     +0.141   +0.196      +0.141   +0.141    +0.433     +0.062   +0.349      -0.248   -0.030
                         :      lepton_eta:         +0.202   +0.108         -0.249         +0.057   +0.321         -0.105       +0.379       +0.339          +0.127    +0.245     +0.088   -0.053          -0.088    +0.103    +0.069     +1.000        -0.178  -0.023   +0.158    +0.008  +0.122   +0.125    +0.125  +0.042   +0.042    +0.042    +0.030    +0.125  +0.070  +0.001  +0.001         +0.125     +0.126      +0.125   +0.125   +0.126    +0.116     +0.125   +0.134      +0.125   +0.125    -0.019     +0.507   -0.117      -0.306   -0.180
                         :   lepton_ntight:         +0.083   -0.076         +0.309         +0.126   -0.022         -0.061       +0.049       -0.053          +0.135    -0.061     -0.176   -0.211          -0.053    -0.058    +0.297     -0.178        +1.000  +0.234   +0.010    +0.065  -0.120   -0.132    -0.132  +0.151   +0.150    +0.150    +0.118    -0.132  +0.033  +0.189  +0.197         -0.132     -0.132      -0.132   -0.132   -0.133    -0.099     -0.132   -0.114      -0.133   -0.132    +0.253     -0.209   +0.261      +0.069   +0.336
                         :         jet1_pt:         +0.293   -0.044         +0.007         +0.096   -0.036         -0.021       +0.101       +0.085          +0.394    -0.081     -0.238   -0.323          -0.050    -0.048    +0.347     -0.023        +0.234  +1.000   +0.074    +0.148  +0.282   +0.239    +0.239  +0.356   +0.345    +0.345    +0.247    +0.239  +0.376  +0.896  +0.407         +0.239     +0.239      +0.239   +0.239   +0.239    +0.311     +0.240   +0.300      +0.239   +0.239    +0.675     +0.008   +0.501      -0.170   +0.257
                         :        jet1_eta:         +0.044   -0.207         -0.199         +0.179   +0.160         +0.145       +0.127       +0.203          +0.047    -0.117     -0.126   -0.147          -0.314    -0.185    +0.097     +0.158        +0.010  +0.074   +1.000    -0.089  +0.001   -0.008    -0.008  +0.118   +0.118    +0.118    -0.028    -0.008  +0.060  +0.094  +0.210         -0.008     -0.009      -0.008   -0.009   -0.009    +0.016     -0.007   -0.008      -0.009   -0.008    +0.168     +0.345   -0.006      -0.157   -0.066
                         :       jet1_btag:         +0.107   +0.001         +0.011         -0.037   -0.002         -0.046       +0.017       +0.028          +0.127    +0.009     -0.069   -0.079          +0.032    -0.002    +0.067     +0.008        +0.065  +0.148   -0.089    +1.000  +0.136   +0.133    +0.133  +0.113   +0.112    +0.112    +0.851    +0.133  +0.137  +0.149  +0.077         +0.133     +0.133      +0.133   +0.133   +0.133    +0.139     +0.133   +0.144      +0.133   +0.133    +0.129     -0.037   +0.091      +0.021   +0.320
                         :         jet2_pt:         +0.221   -0.079         -0.222         +0.007   -0.187         +0.171       +0.121       +0.039          +0.252    -0.236     -0.117   -0.186          +0.033    -0.142    +0.148     +0.122        -0.120  +0.282   +0.001    +0.136  +1.000   +0.997    +0.997  +0.460   +0.459    +0.459    +0.300    +0.997  +0.767  +0.470  +0.107         +0.997     +0.997      +0.997   +0.997   +0.997    +0.994     +0.997   +0.986      +0.997   +0.997    +0.195     +0.294   -0.046      -0.424   +0.129
                         :        jet2_eta:         +0.216   -0.078         -0.224         +0.001   -0.189         +0.170       +0.120       +0.035          +0.241    -0.235     -0.106   -0.175          +0.039    -0.142    +0.141     +0.125        -0.132  +0.239   -0.008    +0.133  +0.997   +1.000    +1.000  +0.436   +0.437    +0.437    +0.292    +1.000  +0.749  +0.416  +0.086         +1.000     +1.000      +1.000   +1.000   +1.000    +0.992     +1.000   +0.987      +1.000   +1.000    +0.157     +0.297   -0.066      -0.421   +0.113
                         :       jet2_btag:         +0.216   -0.078         -0.224         +0.001   -0.189         +0.170       +0.119       +0.035          +0.241    -0.235     -0.106   -0.175          +0.038    -0.142    +0.141     +0.125        -0.132  +0.239   -0.008    +0.133  +0.997   +1.000    +1.000  +0.437   +0.437    +0.437    +0.293    +1.000  +0.749  +0.416  +0.086         +1.000     +1.000      +1.000   +1.000   +1.000    +0.992     +1.000   +0.987      +1.000   +1.000    +0.157     +0.297   -0.066      -0.421   +0.113
                         :         jet3_pt:         +0.180   -0.115         -0.056         +0.101   +0.019         +0.000       +0.117       +0.102          +0.221    -0.105     -0.156   -0.217          -0.079    -0.040    +0.155     +0.042        +0.151  +0.356   +0.118    +0.113  +0.460   +0.436    +0.437  +1.000   +0.999    +0.999    +0.320    +0.437  +0.821  +0.578  +0.310         +0.437     +0.436      +0.436   +0.436   +0.436    +0.464     +0.437   +0.434      +0.436   +0.437    +0.335     +0.050   +0.086      -0.228   +0.351
                         :        jet3_eta:         +0.176   -0.115         -0.055         +0.099   +0.019         +0.000       +0.116       +0.102          +0.216    -0.106     -0.154   -0.214          -0.079    -0.041    +0.153     +0.042        +0.150  +0.345   +0.118    +0.112  +0.459   +0.437    +0.437  +0.999   +1.000    +1.000    +0.317    +0.437  +0.815  +0.560  +0.305         +0.437     +0.437      +0.437   +0.436   +0.436    +0.463     +0.437   +0.434      +0.436   +0.437    +0.326     +0.051   +0.083      -0.227   +0.348
                         :       jet3_btag:         +0.176   -0.115         -0.055         +0.099   +0.019         +0.000       +0.116       +0.102          +0.216    -0.106     -0.154   -0.214          -0.079    -0.041    +0.153     +0.042        +0.150  +0.345   +0.118    +0.112  +0.459   +0.437    +0.437  +0.999   +1.000    +1.000    +0.317    +0.437  +0.815  +0.560  +0.305         +0.437     +0.437      +0.437   +0.436   +0.436    +0.463     +0.437   +0.434      +0.436   +0.437    +0.326     +0.051   +0.083      -0.227   +0.348
                         :       jet_btag1:         +0.152   -0.028         -0.012         +0.002   +0.005         -0.042       +0.043       +0.051          +0.185    -0.017     -0.119   -0.140          +0.003    -0.028    +0.101     +0.030        +0.118  +0.247   -0.028    +0.851  +0.300   +0.292    +0.293  +0.320   +0.317    +0.317    +1.000    +0.293  +0.372  +0.311  +0.175         +0.292     +0.292      +0.292   +0.292   +0.292    +0.305     +0.293   +0.298      +0.292   +0.292    +0.203     -0.003   +0.103      -0.060   +0.467
                         :       jet_btag2:         +0.216   -0.078         -0.224         +0.001   -0.189         +0.170       +0.120       +0.035          +0.241    -0.235     -0.106   -0.175          +0.039    -0.142    +0.141     +0.125        -0.132  +0.239   -0.008    +0.133  +0.997   +1.000    +1.000  +0.437   +0.437    +0.437    +0.293    +1.000  +0.749  +0.416  +0.086         +1.000     +1.000      +1.000   +1.000   +1.000    +0.992     +1.000   +0.987      +1.000   +1.000    +0.157     +0.297   -0.066      -0.421   +0.113
                         :           jet_N:         +0.237   -0.101         -0.151         +0.056   -0.084         +0.074       +0.129       +0.067          +0.287    -0.172     -0.164   -0.233          -0.019    -0.101    +0.172     +0.070        +0.033  +0.376   +0.060    +0.137  +0.767   +0.749    +0.749  +0.821   +0.815    +0.815    +0.372    +0.749  +1.000  +0.655  +0.269         +0.749     +0.749      +0.749   +0.749   +0.748    +0.768     +0.749   +0.741      +0.748   +0.749    +0.318     +0.167   +0.024      -0.359   +0.308
                         :          jet_Ht:         +0.286   -0.066         -0.053         +0.102   -0.046         +0.023       +0.116       +0.085          +0.388    -0.114     -0.240   -0.318          -0.053    -0.064    +0.294     +0.001        +0.189  +0.896   +0.094    +0.149  +0.470   +0.416    +0.416  +0.578   +0.560    +0.560    +0.311    +0.416  +0.655  +1.000  +0.420         +0.416     +0.416      +0.416   +0.416   +0.416    +0.483     +0.416   +0.456      +0.416   +0.416    +0.665     +0.060   +0.370      -0.248   +0.320
                         :          met_Pt:         +0.170   -0.108         -0.018         +0.079   +0.093         +0.041       +0.071       +0.077          +0.213    -0.045     -0.125   -0.184          -0.130    -0.093    +0.172     +0.001        +0.197  +0.407   +0.210    +0.077  +0.107   +0.086    +0.086  +0.310   +0.305    +0.305    +0.175    +0.086  +0.269  +0.420  +1.000         +0.086     +0.086      +0.086   +0.086   +0.086    +0.155     +0.086   +0.117      +0.086   +0.086    +0.550     -0.035   +0.404      -0.061   +0.150
                         :  TT_tqH_ptOverM:         +0.216   -0.078         -0.224         +0.001   -0.189         +0.170       +0.119       +0.035          +0.241    -0.235     -0.106   -0.175          +0.039    -0.142    +0.141     +0.125        -0.132  +0.239   -0.008    +0.133  +0.997   +1.000    +1.000  +0.437   +0.437    +0.437    +0.292    +1.000  +0.749  +0.416  +0.086         +1.000     +1.000      +1.000   +1.000   +1.000    +0.992     +1.000   +0.987      +1.000   +1.000    +0.157     +0.297   -0.066      -0.421   +0.113
                         :      TT_tqH_eta:         +0.216   -0.077         -0.224         +0.001   -0.188         +0.169       +0.120       +0.036          +0.241    -0.234     -0.105   -0.175          +0.039    -0.141    +0.141     +0.126        -0.132  +0.239   -0.009    +0.133  +0.997   +1.000    +1.000  +0.436   +0.437    +0.437    +0.292    +1.000  +0.749  +0.416  +0.086         +1.000     +1.000      +1.000   +1.000   +1.000    +0.992     +1.000   +0.987      +1.000   +1.000    +0.157     +0.298   -0.066      -0.421   +0.113
                         :     TT_dR_tqH_H:         +0.215   -0.078         -0.223         +0.001   -0.189         +0.170       +0.119       +0.035          +0.240    -0.235     -0.106   -0.175          +0.038    -0.142    +0.141     +0.125        -0.132  +0.239   -0.008    +0.133  +0.997   +1.000    +1.000  +0.436   +0.437    +0.437    +0.292    +1.000  +0.749  +0.416  +0.086         +1.000     +1.000      +1.000   +1.000   +1.000    +0.992     +1.000   +0.987      +1.000   +1.000    +0.157     +0.297   -0.066      -0.421   +0.113
                         :        TT_dR_qH:         +0.216   -0.078         -0.223         +0.001   -0.189         +0.170       +0.120       +0.035          +0.240    -0.235     -0.105   -0.175          +0.039    -0.142    +0.141     +0.125        -0.132  +0.239   -0.009    +0.133  +0.997   +1.000    +1.000  +0.436   +0.436    +0.436    +0.292    +1.000  +0.749  +0.416  +0.086         +1.000     +1.000      +1.000   +1.000   +1.000    +0.992     +1.000   +0.987      +1.000   +1.000    +0.157     +0.297   -0.066      -0.421   +0.113
                         :        TT_dR_tt:         +0.216   -0.077         -0.224         +0.001   -0.189         +0.170       +0.120       +0.035          +0.241    -0.235     -0.105   -0.175          +0.039    -0.142    +0.141     +0.126        -0.133  +0.239   -0.009    +0.133  +0.997   +1.000    +1.000  +0.436   +0.436    +0.436    +0.292    +1.000  +0.748  +0.416  +0.086         +1.000     +1.000      +1.000   +1.000   +1.000    +0.992     +1.000   +0.987      +1.000   +1.000    +0.157     +0.298   -0.066      -0.421   +0.112
                         :       TT_tbW_pt:         +0.242   -0.088         -0.216         +0.012   -0.181         +0.170       +0.124       +0.044          +0.274    -0.239     -0.127   -0.205          +0.024    -0.146    +0.178     +0.116        -0.099  +0.311   +0.016    +0.139  +0.994   +0.992    +0.992  +0.464   +0.463    +0.463    +0.305    +0.992  +0.768  +0.483  +0.155         +0.992     +0.992      +0.992   +0.992   +0.992    +1.000     +0.992   +0.985      +0.992   +0.992    +0.249     +0.283   -0.025      -0.417   +0.140
                         :      TT_tbW_eta:         +0.215   -0.078         -0.223         +0.001   -0.189         +0.170       +0.119       +0.035          +0.241    -0.236     -0.106   -0.176          +0.038    -0.142    +0.141     +0.125        -0.132  +0.240   -0.007    +0.133  +0.997   +1.000    +1.000  +0.437   +0.437    +0.437    +0.293    +1.000  +0.749  +0.416  +0.086         +1.000     +1.000      +1.000   +1.000   +1.000    +0.992     +1.000   +0.987      +1.000   +1.000    +0.158     +0.298   -0.065      -0.421   +0.113
                         :        TT_tbW_M:         +0.238   -0.075         -0.216         +0.002   -0.170         +0.143       +0.145       +0.058          +0.262    -0.218     -0.109   -0.186          +0.037    -0.127    +0.196     +0.134        -0.114  +0.300   -0.008    +0.144  +0.986   +0.987    +0.987  +0.434   +0.434    +0.434    +0.298    +0.987  +0.741  +0.456  +0.117         +0.987     +0.987      +0.987   +0.987   +0.987    +0.985     +0.987   +1.000      +0.987   +0.987    +0.190     +0.288   +0.029      -0.434   +0.101
                         :     TT_dR_tbW_H:         +0.216   -0.078         -0.224         +0.001   -0.189         +0.170       +0.119       +0.035          +0.240    -0.235     -0.105   -0.175          +0.039    -0.142    +0.141     +0.125        -0.133  +0.239   -0.009    +0.133  +0.997   +1.000    +1.000  +0.436   +0.436    +0.436    +0.292    +1.000  +0.748  +0.416  +0.086         +1.000     +1.000      +1.000   +1.000   +1.000    +0.992     +1.000   +0.987      +1.000   +1.000    +0.157     +0.298   -0.066      -0.420   +0.112
                         :        TT_score:         +0.216   -0.078         -0.224         +0.001   -0.189         +0.170       +0.119       +0.035          +0.241    -0.235     -0.106   -0.175          +0.038    -0.142    +0.141     +0.125        -0.132  +0.239   -0.008    +0.133  +0.997   +1.000    +1.000  +0.437   +0.437    +0.437    +0.292    +1.000  +0.749  +0.416  +0.086         +1.000     +1.000      +1.000   +1.000   +1.000    +0.992     +1.000   +0.987      +1.000   +1.000    +0.157     +0.297   -0.066      -0.421   +0.113
                         :       ST_tbW_pt:         +0.319   -0.089         -0.004         +0.072   -0.001         +0.024       +0.082       +0.065          +0.406    -0.089     -0.232   -0.314          -0.089    -0.060    +0.433     -0.019        +0.253  +0.675   +0.168    +0.129  +0.195   +0.157    +0.157  +0.335   +0.326    +0.326    +0.203    +0.157  +0.318  +0.665  +0.550         +0.157     +0.157      +0.157   +0.157   +0.157    +0.249     +0.158   +0.190      +0.157   +0.157    +1.000     -0.013   +0.347      -0.077   +0.272
                         :      ST_tbW_eta:         +0.147   +0.066         -0.282         +0.033   +0.008         +0.133       +0.228       +0.100          +0.132    -0.011     -0.039   -0.096          -0.016    -0.136    +0.062     +0.507        -0.209  +0.008   +0.345    -0.037  +0.294   +0.297    +0.297  +0.050   +0.051    +0.051    -0.003    +0.297  +0.167  +0.060  -0.035         +0.297     +0.298      +0.297   +0.297   +0.298    +0.283     +0.298   +0.288      +0.298   +0.297    -0.013     +1.000   -0.136      -0.347   -0.157
                         :        ST_tbW_M:         +0.094   +0.028         +0.180         -0.014   +0.010         -0.064       -0.028       -0.018          +0.164    +0.044     -0.149   -0.126          +0.005    +0.034    +0.349     -0.117        +0.261  +0.501   -0.006    +0.091  -0.046   -0.066    -0.066  +0.086   +0.083    +0.083    +0.103    -0.066  +0.024  +0.370  +0.404         -0.066     -0.066      -0.066   -0.066   -0.066    -0.025     -0.065   +0.029      -0.066   -0.066    +0.347     -0.136   +1.000      +0.127   +0.129
                         :     ST_dR_tbW_H:         -0.306   +0.212         +0.260         -0.117   -0.004         -0.018       -0.432       -0.263          -0.269    +0.206     +0.043   +0.225          +0.112    +0.069    -0.248     -0.306        +0.069  -0.170   -0.157    +0.021  -0.424   -0.421    -0.421  -0.228   -0.227    -0.227    -0.060    -0.421  -0.359  -0.248  -0.061         -0.421     -0.421      -0.421   -0.421   -0.421    -0.417     -0.421   -0.434      -0.420   -0.421    -0.077     -0.347   +0.127      +1.000   +0.170
                         :        ST_score:         +0.020   +0.064         +0.237         -0.006   -0.101         -0.041       -0.146       -0.107          +0.099    -0.010     -0.155   -0.107          +0.072    -0.017    -0.030     -0.180        +0.336  +0.257   -0.066    +0.320  +0.129   +0.113    +0.113  +0.351   +0.348    +0.348    +0.467    +0.113  +0.308  +0.320  +0.150         +0.113     +0.113      +0.113   +0.113   +0.112    +0.140     +0.113   +0.101      +0.112   +0.113    +0.272     -0.157   +0.129      +0.170   +1.000
                         : ------------------------------------------------------------------------------------------------------------------------------------------------------------------------------------------------------------------------------------------------------------------------------------------------------------------------------------------------------------------------------------------------------------------------------------------------------------------------------------------------------------------------------
<HEADER> DataSetFactory           : [dataset] :  
                         : 
[INFO] Start training!
<HEADER> Factory                  : Train all methods
<HEADER> Factory                  : [dataset] : Create Transformation "I" with events from all classes.
                         : 
<HEADER>                          : Transformation, Variable selection : 
                         : Input : variable 'pho1_ptOverMgg' <---> Output : variable 'pho1_ptOverMgg'
                         : Input : variable 'pho1_eta' <---> Output : variable 'pho1_eta'
                         : Input : variable 'pho1_PixelSeed' <---> Output : variable 'pho1_PixelSeed'
                         : Input : variable 'pho2_ptOverMgg' <---> Output : variable 'pho2_ptOverMgg'
                         : Input : variable 'pho2_eta' <---> Output : variable 'pho2_eta'
                         : Input : variable 'pho2_PixelSeed' <---> Output : variable 'pho2_PixelSeed'
                         : Input : variable 'pho_maxIDMVA' <---> Output : variable 'pho_maxIDMVA'
                         : Input : variable 'pho_minIDMVA' <---> Output : variable 'pho_minIDMVA'
                         : Input : variable 'dipho_ptOverMgg' <---> Output : variable 'dipho_ptOverMgg'
                         : Input : variable 'dipho_eta' <---> Output : variable 'dipho_eta'
                         : Input : variable 'dipho_dPhi' <---> Output : variable 'dipho_dPhi'
                         : Input : variable 'dipho_dR' <---> Output : variable 'dipho_dR'
                         : Input : variable 'dipho_heliAngle' <---> Output : variable 'dipho_heliAngle'
                         : Input : variable 'lepton_ID' <---> Output : variable 'lepton_ID'
                         : Input : variable 'lepton_pt' <---> Output : variable 'lepton_pt'
                         : Input : variable 'lepton_eta' <---> Output : variable 'lepton_eta'
                         : Input : variable 'lepton_ntight' <---> Output : variable 'lepton_ntight'
                         : Input : variable 'jet1_pt' <---> Output : variable 'jet1_pt'
                         : Input : variable 'jet1_eta' <---> Output : variable 'jet1_eta'
                         : Input : variable 'jet1_btag' <---> Output : variable 'jet1_btag'
                         : Input : variable 'jet2_pt' <---> Output : variable 'jet2_pt'
                         : Input : variable 'jet2_eta' <---> Output : variable 'jet2_eta'
                         : Input : variable 'jet2_btag' <---> Output : variable 'jet2_btag'
                         : Input : variable 'jet3_pt' <---> Output : variable 'jet3_pt'
                         : Input : variable 'jet3_eta' <---> Output : variable 'jet3_eta'
                         : Input : variable 'jet3_btag' <---> Output : variable 'jet3_btag'
                         : Input : variable 'jet_btag1' <---> Output : variable 'jet_btag1'
                         : Input : variable 'jet_btag2' <---> Output : variable 'jet_btag2'
                         : Input : variable 'jet_N' <---> Output : variable 'jet_N'
                         : Input : variable 'jet_Ht' <---> Output : variable 'jet_Ht'
                         : Input : variable 'met_Pt' <---> Output : variable 'met_Pt'
                         : Input : variable 'TT_tqH_ptOverM' <---> Output : variable 'TT_tqH_ptOverM'
                         : Input : variable 'TT_tqH_eta' <---> Output : variable 'TT_tqH_eta'
                         : Input : variable 'TT_dR_tqH_H' <---> Output : variable 'TT_dR_tqH_H'
                         : Input : variable 'TT_dR_qH' <---> Output : variable 'TT_dR_qH'
                         : Input : variable 'TT_dR_tt' <---> Output : variable 'TT_dR_tt'
                         : Input : variable 'TT_tbW_pt' <---> Output : variable 'TT_tbW_pt'
                         : Input : variable 'TT_tbW_eta' <---> Output : variable 'TT_tbW_eta'
                         : Input : variable 'TT_tbW_M' <---> Output : variable 'TT_tbW_M'
                         : Input : variable 'TT_dR_tbW_H' <---> Output : variable 'TT_dR_tbW_H'
                         : Input : variable 'TT_score' <---> Output : variable 'TT_score'
                         : Input : variable 'ST_tbW_pt' <---> Output : variable 'ST_tbW_pt'
                         : Input : variable 'ST_tbW_eta' <---> Output : variable 'ST_tbW_eta'
                         : Input : variable 'ST_tbW_M' <---> Output : variable 'ST_tbW_M'
                         : Input : variable 'ST_dR_tbW_H' <---> Output : variable 'ST_dR_tbW_H'
                         : Input : variable 'ST_score' <---> Output : variable 'ST_score'
<HEADER> TFHandler_Factory        :        Variable               Mean               RMS       [        Min               Max ]
                         : ----------------------------------------------------------------------------------------------
                         :  pho1_ptOverMgg:          0.69835          0.36347   [         0.089321           11.167 ]
                         :        pho1_eta:          0.16871           1.1619   [          -2.5000           2.5000 ]
                         :  pho1_PixelSeed:          0.21269          0.40921   [           0.0000           1.0000 ]
                         :  pho2_ptOverMgg:          0.34906          0.16057   [         0.026413           6.4269 ]
                         :        pho2_eta:        -0.018836           1.2066   [          -2.5000           2.5000 ]
                         :  pho2_PixelSeed:          0.15917          0.36584   [           0.0000           1.0000 ]
                         :    pho_maxIDMVA:          0.81964          0.27131   [         -0.69540          0.99891 ]
                         :    pho_minIDMVA:          0.37541          0.54192   [         -0.70000          0.99727 ]
                         : dipho_ptOverMgg:          0.63718          0.53494   [        0.0019224           12.892 ]
                         :       dipho_eta:          0.21545           1.7265   [          -7.4044           7.4315 ]
                         :      dipho_dPhi:          0.69788          0.29495   [       5.5234e-07           1.0000 ]
                         :        dipho_dR:           2.6530          0.78367   [          0.15489           5.8450 ]
                         : dipho_heliAngle:          0.56295          0.28410   [       1.9471e-07           1.0000 ]
                         :       lepton_ID:          0.48532           11.929   [          -13.000           13.000 ]
                         :       lepton_pt:           49.065           44.591   [           9.0003           1052.9 ]
                         :      lepton_eta:        -0.063811           1.2095   [          -2.4000           2.4000 ]
                         :   lepton_ntight:          0.81814          0.43342   [           0.0000           4.0000 ]
                         :         jet1_pt:           90.122           77.519   [           25.000           2026.4 ]
                         :        jet1_eta:         -0.16335           1.2354   [          -2.4000           2.4000 ]
                         :       jet1_btag:          0.24519          0.52635   [          -2.0000           1.0000 ]
                         :         jet2_pt:          -339.68           513.49   [          -999.00           1973.5 ]
                         :        jet2_eta:          -376.05           484.03   [          -999.00           2.4000 ]
                         :       jet2_btag:          -375.98           484.08   [          -999.00           1.0000 ]
                         :         jet3_pt:          -699.37           472.99   [          -999.00           703.17 ]
                         :        jet3_eta:          -712.72           451.71   [          -999.00           2.4000 ]
                         :       jet3_btag:          -712.69           451.75   [          -999.00           1.0000 ]
                         :       jet_btag1:          0.39359          0.51445   [          -2.0000           1.0000 ]
                         :       jet_btag2:          -376.02           484.05   [          -999.00           1.0000 ]
                         :           jet_N:           2.1140           1.2182   [           1.0000           14.000 ]
                         :          jet_Ht:           147.75           144.39   [           25.000           4041.0 ]
                         :          met_Pt:           60.411           49.048   [         0.013045           1092.2 ]
                         :  TT_tqH_ptOverM:          -375.70           484.29   [          -999.00           7.0825 ]
                         :      TT_tqH_eta:          -376.03           484.04   [          -999.00           8.4993 ]
                         :     TT_dR_tqH_H:          -375.59           484.38   [          -999.00           7.9731 ]
                         :        TT_dR_qH:          -374.80           485.00   [          -999.00           8.3841 ]
                         :        TT_dR_tt:          -374.06           485.58   [          -999.00           11.450 ]
                         :       TT_tbW_pt:          -295.54           551.89   [          -999.00           2045.3 ]
                         :      TT_tbW_eta:          -376.14           483.96   [          -999.00           7.6046 ]
                         :        TT_tbW_M:          -249.74           588.38   [          -999.00           6475.2 ]
                         :     TT_dR_tbW_H:          -374.15           485.50   [          -999.00           11.123 ]
                         :        TT_score:          -375.78           484.24   [          -999.00          0.99965 ]
                         :       ST_tbW_pt:           113.10           88.473   [         0.072698           1960.7 ]
                         :      ST_tbW_eta:        -0.076928           1.4388   [          -7.6423           7.6046 ]
                         :        ST_tbW_M:           193.41           94.951   [           85.424           2894.1 ]
                         :     ST_dR_tbW_H:           3.0526           1.0252   [        0.0019961           11.123 ]
                         :        ST_score:          0.48733          0.37377   [       0.00011984          0.99971 ]
                         : ----------------------------------------------------------------------------------------------
                         : 
                         : <PlotVariables> Will not produce scatter plots ==> 
                         : |  The number of 46 input variables and 0 target values would require 1035 two-dimensional
                         : |  histograms, which would occupy the computer's memory. Note that this
                         : |  suppression does not have any consequences for your analysis, other
                         : |  than not disposing of these scatter plots. You can modify the maximum
                         : |  number of input variables allowed to generate scatter plots in your
                         : |  script via the command line:
                         : |  "(TMVA::gConfig().GetVariablePlotting()).fMaxNumOfAllowedVariablesForScatterPlots = <some int>;"
                         : 
                         : Some more output
                         : Ranking input variables (method unspecific)...
<HEADER> IdTransformation         : Ranking result (top variable is best ranked)
                         : ----------------------------------------
                         : Rank : Variable        : Separation
                         : ----------------------------------------
                         :    1 : dipho_dR        : 3.428e-01
                         :    2 : ST_score        : 3.401e-01
                         :    3 : jet_btag1       : 2.794e-01
                         :    4 : pho2_ptOverMgg  : 2.366e-01
                         :    5 : dipho_ptOverMgg : 2.287e-01
                         :    6 : pho1_ptOverMgg  : 2.267e-01
                         :    7 : TT_score        : 1.973e-01
                         :    8 : pho_minIDMVA    : 1.714e-01
                         :    9 : dipho_heliAngle : 1.603e-01
                         :   10 : jet1_btag       : 1.555e-01
                         :   11 : lepton_pt       : 1.453e-01
                         :   12 : dipho_dPhi      : 1.343e-01
                         :   13 : met_Pt          : 1.297e-01
                         :   14 : ST_tbW_M        : 1.209e-01
                         :   15 : pho_maxIDMVA    : 1.206e-01
                         :   16 : ST_tbW_pt       : 1.164e-01
                         :   17 : ST_dR_tbW_H     : 1.114e-01
                         :   18 : lepton_ntight   : 1.105e-01
                         :   19 : dipho_eta       : 1.097e-01
                         :   20 : TT_tbW_pt       : 1.094e-01
                         :   21 : pho1_eta        : 9.616e-02
                         :   22 : pho2_eta        : 9.438e-02
                         :   23 : TT_tbW_M        : 9.368e-02
                         :   24 : jet_Ht          : 9.288e-02
                         :   25 : lepton_eta      : 9.244e-02
                         :   26 : jet_N           : 9.170e-02
                         :   27 : jet2_btag       : 9.056e-02
                         :   28 : jet1_eta        : 8.763e-02
                         :   29 : pho1_PixelSeed  : 8.563e-02
                         :   30 : jet2_pt         : 7.903e-02
                         :   31 : jet_btag2       : 7.514e-02
                         :   32 : TT_dR_qH        : 7.378e-02
                         :   33 : TT_tqH_ptOverM  : 7.377e-02
                         :   34 : TT_dR_tqH_H     : 7.377e-02
                         :   35 : TT_dR_tt        : 7.377e-02
                         :   36 : TT_dR_tbW_H     : 7.377e-02
                         :   37 : TT_tqH_eta      : 7.377e-02
                         :   38 : TT_tbW_eta      : 7.377e-02
                         :   39 : jet2_eta        : 7.377e-02
                         :   40 : jet1_pt         : 7.237e-02
                         :   41 : jet3_pt         : 6.428e-02
                         :   42 : jet3_btag       : 6.074e-02
                         :   43 : jet3_eta        : 6.073e-02
                         :   44 : lepton_ID       : 5.666e-02
                         :   45 : ST_tbW_eta      : 4.858e-02
                         :   46 : pho2_PixelSeed  : 3.220e-02
                         : ----------------------------------------
<HEADER> Factory                  : Train method: BDT for Classification
                         : 
                         : 
                         : ================================================================
                         : H e l p   f o r   M V A   m e t h o d   [ BDT ] :
                         : 
                         : --- Short description:
                         : 
                         : Boosted Decision Trees are a collection of individual decision
                         : trees which form a multivariate classifier by (weighted) majority 
                         : vote of the individual trees. Consecutive decision trees are  
                         : trained using the original training data set with re-weighted 
                         : events. By default, the AdaBoost method is employed, which gives 
                         : events that were misclassified in the previous tree a larger 
                         : weight in the training of the following tree.
                         : 
                         : Decision trees are a sequence of binary splits of the data sample
                         : using a single discriminant variable at a time. A test event 
                         : ending up after the sequence of left-right splits in a final 
                         : ("leaf") node is classified as either signal or background
                         : depending on the majority type of training events in that node.
                         : 
                         : --- Performance optimisation:
                         : 
                         : By the nature of the binary splits performed on the individual
                         : variables, decision trees do not deal well with linear correlations
                         : between variables (they need to approximate the linear split in
                         : the two dimensional space by a sequence of splits on the two 
                         : variables individually). Hence decorrelation could be useful 
                         : to optimise the BDT performance.
                         : 
                         : --- Performance tuning via configuration options:
                         : 
                         : The two most important parameters in the configuration are the  
                         : minimal number of events requested by a leaf node as percentage of the 
                         :    number of training events (option "MinNodeSize"  replacing the actual number 
                         :  of events "nEventsMin" as given in earlier versions
                         : If this number is too large, detailed features 
                         : in the parameter space are hard to be modelled. If it is too small, 
                         : the risk to overtrain rises and boosting seems to be less effective
                         :   typical values from our current experience for best performance  
                         :   are between 0.5(%) and 10(%) 
                         : 
                         : The default minimal number is currently set to 
                         :    max(20, (N_training_events / N_variables^2 / 10)) 
                         : and can be changed by the user.
                         : 
                         : The other crucial parameter, the pruning strength ("PruneStrength"),
                         : is also related to overtraining. It is a regularisation parameter 
                         : that is used when determining after the training which splits 
                         : are considered statistically insignificant and are removed. The
                         : user is advised to carefully watch the BDT screen output for
                         : the comparison between efficiencies obtained on the training and
                         : the independent test sample. They should be equal within statistical
                         : errors, in order to minimize statistical fluctuations in different samples.
                         : 
                         : <Suppress this message by specifying "!H" in the booking option>
                         : ================================================================
                         : 
                         : Events with weight == 0 are going to be simply ignored 
<HEADER> BDT                      : #events: (reweighted) sig: 589809 bkg: 589809
                         : #events: (unweighted) sig: 1113368 bkg: 66250
                         : Training 800 Decision Trees ... patience please
                         : Elapsed time for training with 1200673 events: 4.01e+03 sec         
<HEADER> BDT                      : [dataset] : Evaluation of BDT on training sample (1200673 events)
                         : Elapsed time for evaluation of 1200673 events: 163 sec       
                         : Creating xml weight file: dataset/weights/SRlep_BDT.weights.xml
                         : Creating standalone class: dataset/weights/SRlep_BDT.class.C
<HEADER> Factory                  : Training finished
                         : 
                         : Ranking input variables (method specific)...
<HEADER> BDT                      : Ranking result (top variable is best ranked)
                         : -------------------------------------------------
                         : Rank : Variable        : Variable Importance
                         : -------------------------------------------------
                         :    1 : TT_score        : 4.852e-02
                         :    2 : ST_score        : 4.716e-02
                         :    3 : dipho_dR        : 4.666e-02
                         :    4 : lepton_pt       : 4.174e-02
                         :    5 : pho1_eta        : 3.590e-02
                         :    6 : lepton_eta      : 3.430e-02
                         :    7 : jet1_eta        : 3.402e-02
                         :    8 : pho2_eta        : 3.387e-02
                         :    9 : met_Pt          : 3.164e-02
                         :   10 : pho_minIDMVA    : 3.158e-02
                         :   11 : dipho_heliAngle : 3.106e-02
                         :   12 : pho2_ptOverMgg  : 2.872e-02
                         :   13 : lepton_ID       : 2.778e-02
                         :   14 : dipho_dPhi      : 2.777e-02
                         :   15 : jet_btag2       : 2.595e-02
                         :   16 : jet_btag1       : 2.579e-02
                         :   17 : jet1_pt         : 2.519e-02
                         :   18 : ST_tbW_eta      : 2.468e-02
                         :   19 : dipho_eta       : 2.408e-02
                         :   20 : ST_tbW_pt       : 2.399e-02
                         :   21 : pho1_PixelSeed  : 2.318e-02
                         :   22 : lepton_ntight   : 2.313e-02
                         :   23 : pho1_ptOverMgg  : 2.281e-02
                         :   24 : ST_tbW_M        : 2.205e-02
                         :   25 : ST_dR_tbW_H     : 2.156e-02
                         :   26 : jet_Ht          : 2.147e-02
                         :   27 : pho_maxIDMVA    : 2.128e-02
                         :   28 : jet1_btag       : 2.023e-02
                         :   29 : TT_tbW_pt       : 1.855e-02
                         :   30 : dipho_ptOverMgg : 1.786e-02
                         :   31 : jet2_pt         : 1.751e-02
                         :   32 : pho2_PixelSeed  : 1.659e-02
                         :   33 : TT_dR_qH        : 1.516e-02
                         :   34 : jet2_btag       : 1.280e-02
                         :   35 : jet_N           : 1.174e-02
                         :   36 : jet3_pt         : 1.158e-02
                         :   37 : jet2_eta        : 9.178e-03
                         :   38 : TT_tbW_M        : 8.958e-03
                         :   39 : TT_dR_tqH_H     : 7.931e-03
                         :   40 : TT_tqH_ptOverM  : 6.406e-03
                         :   41 : jet3_eta        : 6.325e-03
                         :   42 : jet3_btag       : 5.752e-03
                         :   43 : TT_tqH_eta      : 3.209e-03
                         :   44 : TT_dR_tt        : 1.879e-03
                         :   45 : TT_tbW_eta      : 1.628e-03
                         :   46 : TT_dR_tbW_H     : 8.473e-04
                         : -------------------------------------------------
<HEADER> Factory                  : === Destroy and recreate all methods via weight files for testing ===
                         : 
<HEADER> Factory                  : Test all methods
<HEADER> Factory                  : Test method: BDT for Classification performance
                         : 
<HEADER> BDT                      : [dataset] : Evaluation of BDT on testing sample (1199002 events)
                         : Elapsed time for evaluation of 1199002 events: 111 sec       
<HEADER> Factory                  : Evaluate all methods
<HEADER> Factory                  : Evaluate classifier: BDT
                         : 
<HEADER> BDT                      : [dataset] : Loop over test events and fill histograms with classifier response...
                         : 
<HEADER> TFHandler_BDT            :        Variable               Mean               RMS       [        Min               Max ]
                         : ----------------------------------------------------------------------------------------------
                         :  pho1_ptOverMgg:          0.54294          0.28426   [         0.092095           9.5539 ]
                         :        pho1_eta:          0.17810           1.4276   [          -2.5000           2.5000 ]
                         :  pho1_PixelSeed:          0.31835          0.46583   [           0.0000           1.0000 ]
                         :  pho2_ptOverMgg:          0.29286          0.11928   [         0.031782           4.8903 ]
                         :        pho2_eta:          0.34629           1.3587   [          -2.5000           2.5000 ]
                         :  pho2_PixelSeed:          0.21913          0.41366   [           0.0000           1.0000 ]
                         :    pho_maxIDMVA:          0.70868          0.44694   [         -0.68480          0.99896 ]
                         :    pho_minIDMVA:          0.18580          0.59601   [         -0.69999          0.99625 ]
                         : dipho_ptOverMgg:          0.39067          0.34440   [       0.00046028           12.201 ]
                         :       dipho_eta:          0.44020           2.0824   [          -8.3613           7.4142 ]
                         :      dipho_dPhi:          0.76816          0.28804   [       9.0996e-07           1.0000 ]
                         :        dipho_dR:           3.1325          0.67759   [          0.16699           5.6654 ]
                         : dipho_heliAngle:          0.62951          0.28403   [       1.5934e-06           1.0000 ]
                         :       lepton_ID:          -3.8585           11.033   [          -13.000           13.000 ]
                         :       lepton_pt:           43.780           44.953   [           9.0005           1227.8 ]
                         :      lepton_eta:          0.13578           1.4896   [          -2.4000           2.4000 ]
                         :   lepton_ntight:          0.81602          0.46381   [           0.0000           3.0000 ]
                         :         jet1_pt:           87.526           82.906   [           25.000           1899.2 ]
                         :        jet1_eta:        -0.010226           1.1813   [          -2.4000           2.4000 ]
                         :       jet1_btag:         0.052014          0.52081   [          -2.0000           1.0000 ]
                         :         jet2_pt:          -363.87           515.09   [          -999.00           1425.1 ]
                         :        jet2_eta:          -395.15           488.61   [          -999.00           2.4000 ]
                         :       jet2_btag:          -395.32           488.47   [          -999.00           1.0000 ]
                         :         jet3_pt:          -709.14           466.45   [          -999.00           639.76 ]
                         :        jet3_eta:          -720.48           448.04   [          -999.00           2.4000 ]
                         :       jet3_btag:          -720.49           448.02   [          -999.00           1.0000 ]
                         :       jet_btag1:          0.25059          0.55524   [          -2.0000           1.0000 ]
                         :       jet_btag2:          -395.27           488.51   [          -999.00           1.0000 ]
                         :           jet_N:           1.9718           1.0195   [           1.0000           14.000 ]
                         :          jet_Ht:           134.01           136.01   [           25.000           3810.3 ]
                         :          met_Pt:           50.205           41.306   [         0.043197           1633.1 ]
                         :  TT_tqH_ptOverM:          -395.07           488.67   [          -999.00           6.9061 ]
                         :      TT_tqH_eta:          -395.31           488.48   [          -999.00           8.9099 ]
                         :     TT_dR_tqH_H:          -394.48           489.15   [          -999.00           7.3164 ]
                         :        TT_dR_qH:          -393.84           489.67   [          -999.00           8.2846 ]
                         :        TT_dR_tt:          -393.04           490.32   [          -999.00           11.581 ]
                         :       TT_tbW_pt:          -338.01           538.84   [          -999.00           1602.2 ]
                         :      TT_tbW_eta:          -395.12           488.63   [          -999.00           7.4777 ]
                         :        TT_tbW_M:          -276.98           593.68   [          -999.00           9375.3 ]
                         :     TT_dR_tbW_H:          -393.23           490.17   [          -999.00           10.434 ]
                         :        TT_score:          -395.10           488.65   [          -999.00          0.99952 ]
                         :       ST_tbW_pt:           85.720           79.154   [          0.10433           1834.9 ]
                         :      ST_tbW_eta:          0.18270           1.6867   [          -8.6170           7.5010 ]
                         :        ST_tbW_M:           215.43           130.59   [           85.986           4793.8 ]
                         :     ST_dR_tbW_H:           3.2150           1.0534   [        0.0089783           10.401 ]
                         :        ST_score:          0.34250          0.31890   [       0.00010716          0.99972 ]
                         : ----------------------------------------------------------------------------------------------
                         : 
                         : <PlotVariables> Will not produce scatter plots ==> 
                         : |  The number of 46 input variables and 0 target values would require 1035 two-dimensional
                         : |  histograms, which would occupy the computer's memory. Note that this
                         : |  suppression does not have any consequences for your analysis, other
                         : |  than not disposing of these scatter plots. You can modify the maximum
                         : |  number of input variables allowed to generate scatter plots in your
                         : |  script via the command line:
                         : |  "(TMVA::gConfig().GetVariablePlotting()).fMaxNumOfAllowedVariablesForScatterPlots = <some int>;"
                         : 
                         : Some more output
                         : 
                         : Evaluation results ranked by best signal efficiency and purity (area)
                         : -------------------------------------------------------------------------------------------------------------------
                         : DataSet       MVA                       
                         : Name:         Method:          ROC-integ
                         : dataset       BDT            : 0.965
                         : -------------------------------------------------------------------------------------------------------------------
                         : 
                         : Testing efficiency compared to training efficiency (overtraining check)
                         : -------------------------------------------------------------------------------------------------------------------
                         : DataSet              MVA              Signal efficiency: from test sample (from training sample) 
                         : Name:                Method:          @B=0.01             @B=0.10            @B=0.30   
                         : -------------------------------------------------------------------------------------------------------------------
                         : dataset              BDT            : 0.541 (0.879)       0.919 (0.968)      0.978 (0.995)
                         : -------------------------------------------------------------------------------------------------------------------
                         : 
<HEADER> Dataset:dataset          : Created tree 'TestTree' with 1199002 events
                         : 
<HEADER> Dataset:dataset          : Created tree 'TrainTree' with 1200673 events
                         : 
<HEADER> Factory                  : Thank you for using TMVA!
                         : For citation information, please visit: http://tmva.sf.net/citeTMVA.html
[INFO] End of training!
[INFO] Output files are saved at: /wk_cms2/mc_cheng/public/tqHGG/2017/BDT_model

