[?1034hTT_FCNC-TtoHJ_aThad_hut  359122
TT_FCNC-aTtoHJ_Thad_hut  351505
ST_FCNC-TH_Thad_hct  1130804
ST_FCNC-TH_Thad_hut  770163
TT_FCNC-TtoHJ_aThad_hct  366809
TT_FCNC-aTtoHJ_Thad_hct  346947
WGToLNuG            1720
ZGToLLG             1968
tW_antitop          301
tW_top              202
DYJetsToLL          733
TTWJetsToLNu        1626
TTZToLLNuNu         1321
WW                  92
WZ                  37
ZZ                  12
QCD_Pt-30to40_MGG-80toInf  12
QCD_Pt-30toInf_MGG-40to80  72
QCD_Pt-40toInf_MGG-80toInf  348
GJet_Pt-20to40_MGG-80toInf  1671
GJet_Pt-20toInf_MGG-40to80  461
GJet_Pt-40toInf_MGG-80toInf  70425
DiPhotonJetsBox     1196859
TTGJets             40354
GluGluHToGG         43644
VBFHToGG            47743
VHToGG              41307
ttHJetToGG          131868
TGJets              1805
TTJets              9957
TTGG                110434
data                130016
