[?1034hST_FCNC-TH_Tlep_hct  1208634
TT_FCNC-TtoHJ_aTlep_hut  297713
TT_FCNC-aTtoHJ_Tlep_hut  320675
TT_FCNC-TtoHJ_aTlep_hct  327973
TT_FCNC-aTtoHJ_Tlep_hct  317741
ST_FCNC-TH_Tlep_hut  865337
WGToLNuG            2312
ZGToLLG             14549
tW_antitop          77
tW_top              55
DYJetsToLL          1108
TTWJetsToLNu        1127
TTZToLLNuNu         1990
WW                  57
WZ                  57
ZZ                  33
QCD_Pt-30toInf_MGG-40to80  1
QCD_Pt-40toInf_MGG-80toInf  11
GJet_Pt-20to40_MGG-80toInf  94
GJet_Pt-20toInf_MGG-40to80  22
GJet_Pt-40toInf_MGG-80toInf  2721
DiPhotonJetsBox     22260
TTGJets             13926
GluGluHToGG         1065
VBFHToGG            1745
VHToGG              20078
ttHJetToGG          64861
TGJets              376
TTJets              1966
TTGG                52294
data                6243
