[INFO] Openning csv: DeepCSV_94XSF_V5_B_F.csv
[INFO] Set reader...
[INFO] Load calib...
[INFO] Openning input file: /wk_cms2/mc_cheng/public/tqHGG/2017_v2/Presel_had_phID_btag-L/TT_FCNC-TtoHJ_aThad_hct.root

[ Evt 0 ]
Jet  0    2   1.098466   51.398052   0.048782      1.099427
Jet  1    2   1.462710   49.192158   0.024782      1.031198
Jet  2    1   0.257196   47.416481   0.581767      1.000000
Jet  3    2   1.582609   45.884422   0.044203      1.078213
Jet  4    0   0.885420   28.550533   0.995343      0.731828
< SF_evt = 0.894586 >

[ Evt 1 ]
Jet  0    2   0.084461   65.068031   0.031309      1.085537
Jet  1    2   0.380933   60.128105   0.019528      0.903150
Jet  2    0   1.610868   54.523277   0.988528      0.895341
Jet  3    2   0.099470   38.867203   0.015748      0.775001
Jet  4    1   0.167460   31.963902   0.818538      1.000000
Jet  5    2   1.268261   28.831715   0.043089      0.985558
< SF_evt = 0.670467 >

[ Evt 2 ]
Jet  0    0   0.346306   77.184998   0.983356      0.893824
Jet  1    2   1.118604   56.534718   0.086648      1.074702
Jet  2    1   0.182929   39.459473   0.144164      1.000000
< SF_evt = 0.960595 >

[ Evt 3 ]
Jet  0    2   1.730699   89.837578   0.014702      0.869879
Jet  1    0   0.684297   31.918337   0.981604      0.853632
Jet  2    2   1.390247   31.316082   0.031096      1.031467
< SF_evt = 0.765922 >

[ Evt 4 ]
Jet  0    2   0.672120   50.745403   0.017327      0.843625
Jet  1    2   0.287211   48.751316   0.062999      1.192225
Jet  2    2   0.195583   33.595711   0.154115      1.204697
Jet  3    1   0.190865   30.845030   0.248814      1.000000
< SF_evt = 1.21167 >

[ Evt 5 ]
Jet  0    0   0.944167   89.810692   0.406575      1.137933
Jet  1    1   1.316730   65.697075   0.021199      1.000000
Jet  2    2   2.208609   50.087437   0.218250      0.995220
Jet  3    2   0.544279   34.754795   0.041882      1.112379
Jet  4    2   0.115563   30.496981   0.066125      1.195785
Jet  5    2   0.784755   30.230394   0.097538      1.186293
Jet  6    2   0.383163   27.889118   0.018807      0.764634
Jet  7    2   1.512340   26.489594   0.055076      1.039652
< SF_evt = 1.42061 >

[ Evt 6 ]
Jet  0    2   0.040593   178.000824   0.057752      1.186780
Jet  1    0   0.087561   88.680511   0.985915      0.890472
Jet  2    1   0.995805   54.016479   0.096328      1.000000
Jet  3    2   0.391937   51.738544   0.076202      1.214833
Jet  4    2   1.424411   26.640953   0.083352      1.103029
Jet  5    2   2.000864   26.630714   0.054941      1.031309
< SF_evt = 1.46044 >

[ Evt 7 ]
Jet  0    2   0.425307   80.333504   0.013453      0.790220
Jet  1    0   0.022788   53.292126   0.020930      1.358364
Jet  2    2   1.011225   46.344448   0.140639      1.044050
Jet  3    2   1.662740   42.387989   0.807915      0.939380
Jet  4    1   1.652973   33.140209   0.184853      1.000000
Jet  5    2   0.982152   30.272255   -2.000000      0.978622
Jet  6    2   2.069385   25.715178   -2.000000      0.975807
< SF_evt = 1.00532 >

[ Evt 8 ]
Jet  0    0   0.289726   74.853531   0.283706      1.152991
Jet  1    2   0.421772   46.821095   0.031481      1.045907
Jet  2    2   1.856904   41.423149   0.080545      1.059882
Jet  3    2   0.469487   35.595001   0.075792      1.234897
Jet  4    2   1.431340   29.522470   -2.000000      1.024954
< SF_evt = 1.61775 >

[ Evt 9 ]
Jet  0    0   1.627320   71.716698   0.080185      1.322070
Jet  1    2   2.108485   67.879173   0.182475      1.020385
Jet  2    1   0.267405   40.991592   0.246646      1.000000
Jet  3    2   0.792081   28.453068   -2.000000      0.996884
< SF_evt = 1.34482 >

[ Evt 10 ]
Jet  0    2   1.216263   82.091637   0.145937      1.077663
Jet  1    2   0.062504   68.150566   0.046224      1.127292
Jet  2    0   0.489336   43.494747   0.884708      0.955982
Jet  3    2   0.315278   30.479847   0.039927      1.091888
Jet  4    2   0.297701   25.857349   0.137222      1.235313
Jet  5    2   2.163814   25.245129   0.030098      0.927012
< SF_evt = 1.45214 >

[ Evt 11 ]
Jet  0    2   2.062352   82.465752   0.101186      1.062741
Jet  1    2   0.019104   66.232246   0.078028      1.199555
Jet  2    0   2.340100   47.171543   0.981736      0.853632
Jet  3    2   0.353432   45.234936   0.035581      1.096601
Jet  4    2   1.746533   28.546587   0.132264      1.042178
< SF_evt = 1.24368 >

[ Evt 12 ]
Jet  0    2   0.918653   102.338135   0.022613      0.993588
Jet  1    0   0.162242   94.688736   0.997510      0.890472
Jet  2    1   0.323594   59.388557   0.201454      1.000000
Jet  3    2   0.363933   51.849873   0.120887      1.241280
Jet  4    2   1.380711   25.464622   0.238489      0.931931
< SF_evt = 1.02348 >

[ Evt 13 ]
Jet  0    2   0.981983   66.306435   0.135113      1.104396
Jet  1    2   1.211426   54.023182   0.078047      1.103254
Jet  2    0   1.959939   47.403278   0.998714      0.853632
Jet  3    1   0.613404   40.716263   0.391224      1.000000
Jet  4    2   0.628652   26.785599   -2.000000      0.996884
< SF_evt = 1.03685 >

[ Evt 14 ]
Jet  0    2   0.062112   199.570602   0.066103      1.193707
Jet  1    2   0.040555   179.168640   0.024321      0.994132
Jet  2    2   2.275172   74.902946   0.632646      0.895629
Jet  3    2   0.728797   47.984596   0.072290      1.209389
Jet  4    2   0.862622   41.890957   0.044342      1.078828
Jet  5    1   0.759975   40.636227   0.038919      1.000000
Jet  6    0   0.532857   35.381680   0.965505      0.874821
< SF_evt = 1.21313 >

[ Evt 15 ]
Jet  0    0   1.128932   48.246124   0.938916      0.918370
Jet  1    2   1.295564   40.898239   0.324615      0.990449
Jet  2    1   0.534750   37.606628   0.851376      1.000000
< SF_evt = 0.909599 >

[ Evt 16 ]
Jet  0    0   1.686807   73.628807   0.911209      0.936221
Jet  1    2   0.769351   40.477383   0.034726      1.086154
Jet  2    2   1.097800   37.465103   0.061378      1.139625
Jet  3    1   0.387896   33.089973   0.496947      1.000000
< SF_evt = 1.15886 >

[ Evt 17 ]
Jet  0    2   0.117906   324.638428   0.091749      1.206533
Jet  1    0   0.351498   227.523254   0.214068      1.155011
Jet  2    2   1.336143   82.420174   0.024590      1.022903
Jet  3    2   0.300431   52.277107   0.017764      0.855633
Jet  4    2   1.361004   29.566961   0.099406      1.106825
< SF_evt = 1.34998 >

[ Evt 18 ]
Jet  0    0   0.140835   131.095520   -2.000000      1.120872
Jet  1    2   1.218437   49.485416   0.110396      1.037326
Jet  2    2   2.158303   38.680565   0.131655      0.979411
Jet  3    1   1.729480   31.310768   0.829580      1.000000
Jet  4    2   1.929554   30.232840   0.355204      0.967985
< SF_evt = 1.10231 >

[ Evt 19 ]
Jet  0    1   0.558408   90.589806   0.479912      1.000000
Jet  1    2   0.939721   68.731697   0.127527      1.118308
Jet  2    1   0.222684   68.615807   0.247197      1.000000
Jet  3    0   1.974401   41.961281   0.999413      0.853632
< SF_evt = 0.954623 >

[ Evt 20 ]
Jet  0    1   0.268439   126.456993   0.038953      1.000000
Jet  1    2   0.776189   99.194763   0.052368      1.159460
Jet  2    0   0.360414   64.554321   0.872020      0.981831
Jet  3    2   0.397752   39.246567   0.026192      0.965316
Jet  4    2   0.123646   30.682878   0.033171      1.033561
< SF_evt = 1.13579 >

[ Evt 21 ]
Jet  0    0   0.457878   103.574783   0.830266      0.918240
Jet  1    2   0.010321   103.518303   0.086223      1.204126
Jet  2    1   0.494013   40.693645   0.895225      1.000000
Jet  3    2   0.610239   26.395252   -2.000000      0.996884
< SF_evt = 1.10223 >

[ Evt 22 ]
Jet  0    2   1.063963   98.401619   0.018699      0.936132
Jet  1    1   0.589981   46.778172   0.233800      1.000000
Jet  2    0   1.229464   31.910793   0.999337      0.853632
Jet  3    1   1.960193   31.151033   0.107793      1.000000
Jet  4    2   1.820138   28.991446   0.047340      1.010612
< SF_evt = 0.807592 >

[ Evt 23 ]
Jet  0    0   0.971829   266.321259   0.937932      0.955498
Jet  1    1   1.463289   116.859955   0.042883      1.000000
Jet  2    2   0.098068   72.075035   0.147085      1.223022
Jet  3    2   1.211132   39.892666   0.123459      1.039623
Jet  4    2   0.499813   26.553204   0.036431      0.950322
< SF_evt = 1.15454 >

[ Evt 24 ]
Jet  0    2   0.753787   107.658699   0.023724      0.983531
Jet  1    2   0.303357   89.326035   0.016141      0.834325
Jet  2    0   0.338269   87.952675   0.221359      1.193773
Jet  3    2   0.514830   37.909790   0.050225      1.175755
< SF_evt = 1.15176 >

[ Evt 25 ]
Jet  0    2   0.915089   92.411583   0.056127      1.083691
Jet  1    0   0.376926   52.023289   0.998240      0.895341
Jet  2    1   1.509867   28.540121   0.151729      1.000000
< SF_evt = 0.970273 >

[ Evt 26 ]
Jet  0    0   1.466503   67.286049   0.999453      0.895341
Jet  1    2   0.424403   51.509224   0.602553      1.207742
Jet  2    1   0.085578   29.664814   0.599845      1.000000
Jet  3    1   0.310588   29.582441   0.066521      1.000000
Jet  4    2   0.444426   28.255268   -2.000000      0.996884
< SF_evt = 1.07797 >

[ Evt 27 ]
Jet  0    2   1.892972   278.890167   0.256641      1.043473
Jet  1    2   0.369094   186.838547   0.118888      1.216196
Jet  2    1   2.393646   126.957344   0.164239      1.000000
Jet  3    0   1.485391   53.146362   0.969220      0.907566
Jet  4    2   0.601551   37.808453   0.028832      0.999729
< SF_evt = 1.15145 >

[ Evt 28 ]
Jet  0    2   0.328600   100.814247   0.016201      0.835408
Jet  1    2   1.801159   98.149872   0.019176      0.915197
Jet  2    1   0.928558   83.368088   0.900460      1.000000
Jet  3    0   0.268735   30.691343   0.997618      0.853632
< SF_evt = 0.652655 >

[ Evt 29 ]
Jet  0    0   2.187774   81.905876   0.578483      1.009236
Jet  1    1   1.036999   52.342846   0.747702      1.000000
Jet  2    1   1.900825   41.426350   0.288798      1.000000
Jet  3    2   1.246161   35.339481   0.541208      0.986919
< SF_evt = 0.996035 >

[ Evt 30 ]
Jet  0    2   1.570306   84.178528   0.251028      0.954850
Jet  1    1   1.068782   78.578720   0.041682      1.000000
Jet  2    2   1.811661   50.141426   0.025065      0.929470
Jet  3    1   0.457447   35.180084   0.172182      1.000000
< SF_evt = 0.887504 >

[ Evt 31 ]
Jet  0    2   0.745092   43.296295   0.026714      1.004013
Jet  1    2   1.404466   37.374393   0.025136      0.946674
Jet  2    2   1.866555   29.744995   0.764944      1.085706
< SF_evt = 1.03193 >

[ Evt 32 ]
Jet  0    2   0.457933   142.837128   0.023891      0.986462
Jet  1    0   1.582376   138.003799   0.999943      0.895600
Jet  2    2   0.139523   78.084869   0.064602      1.193190
Jet  3    2   1.457154   25.122038   0.056468      1.045066
< SF_evt = 1.10166 >

[ Evt 33 ]
Jet  0    2   0.322959   142.387146   0.022509      0.962777
Jet  1    2   1.742628   95.511604   0.022942      0.947627
Jet  2    1   0.553058   51.061089   0.936788      1.000000
Jet  3    1   1.715156   36.909863   0.639065      1.000000
Jet  4    2   1.305536   32.255371   0.126240      1.035005
Jet  5    2   0.019033   25.208340   0.039789      0.980345
< SF_evt = 0.925731 >

[ Evt 34 ]
Jet  0    2   0.801234   61.095253   -2.000000      1.104172
Jet  1    0   2.214539   43.676987   0.866982      0.961440
Jet  2    2   0.936053   33.847084   0.119571      1.046247
Jet  3    1   0.650216   30.275448   0.064530      1.000000
< SF_evt = 1.11069 >

[ Evt 35 ]
Jet  0    0   1.622598   62.833813   0.830555      0.990447
Jet  1    1   1.359560   43.977882   0.403736      1.000000
Jet  2    1   1.793895   37.863579   0.688528      1.000000
< SF_evt = 0.990447 >

[ Evt 36 ]
Jet  0    0   0.533421   263.449097   0.293115      1.106679
Jet  1    2   0.381878   66.202934   0.514984      1.299840
Jet  2    2   1.029201   27.403578   0.047868      1.009549
< SF_evt = 1.45224 >

[ Evt 37 ]
Jet  0    2   1.948329   339.057190   0.377741      0.966268
Jet  1    2   0.516920   277.639923   0.553576      1.308391
Jet  2    2   0.905861   235.505524   0.233090      0.958458
Jet  3    0   0.613028   165.163788   0.984978      0.895600
Jet  4    2   0.421999   91.318001   0.006620      0.696415
Jet  5    2   0.762266   40.313866   0.183157      1.244600
Jet  6    2   1.481152   35.289204   0.570719      0.972060
< SF_evt = 0.914352 >

[ Evt 38 ]
Jet  0    1   0.747373   107.016441   0.270891      1.000000
Jet  1    0   0.620794   84.354393   0.999606      0.890472
Jet  2    2   0.738777   73.079048   0.215392      1.236179
Jet  3    1   1.075641   34.482285   -2.000000      1.000000
< SF_evt = 1.10078 >

[ Evt 39 ]
Jet  0    2   0.315913   130.639908   0.025256      1.011041
Jet  1    0   0.435149   57.341526   0.998777      0.895341
Jet  2    2   1.248229   49.902992   0.057256      1.121684
Jet  3    2   1.461698   38.630474   0.128652      1.031059
Jet  4    1   0.393675   33.113621   0.030662      1.000000
Jet  5    2   2.069257   32.976231   0.102765      1.077676
< SF_evt = 1.12823 >

[ Evt 40 ]
Jet  0    0   1.015002   59.558430   0.999509      0.895341
Jet  1    2   0.298475   57.429382   0.046606      1.167492
Jet  2    1   0.912351   50.202934   0.059140      1.000000
Jet  3    1   0.765237   41.282669   0.017926      1.000000
Jet  4    2   0.226255   38.140579   0.049140      1.168893
< SF_evt = 1.22185 >

[ Evt 41 ]
Jet  0    0   0.647480   73.482910   0.999997      0.890472
Jet  1    1   1.008344   35.721607   0.342105      1.000000
Jet  2    2   0.262032   35.007496   0.086964      1.251480
Jet  3    2   1.994561   32.303402   0.040793      1.070478
< SF_evt = 1.19295 >

[ Evt 42 ]
Jet  0    0   0.170350   59.196705   0.625577      0.991609
Jet  1    1   0.936657   57.830719   0.834306      1.000000
Jet  2    2   0.097429   45.626122   0.050082      1.169571
Jet  3    2   0.126173   44.729721   0.019227      0.895267
< SF_evt = 1.03829 >

[ Evt 43 ]
Jet  0    0   1.557965   80.908669   -2.000000      1.172235
Jet  1    2   0.159664   80.157906   0.105184      1.211752
Jet  2    1   0.455262   63.025631   0.223169      1.000000
Jet  3    2   2.395672   56.981510   0.057959      1.109954
Jet  4    2   0.381692   33.774075   0.077383      1.246797
< SF_evt = 1.96575 >

[ Evt 44 ]
Jet  0    2   1.426483   71.528885   0.137786      1.098298
Jet  1    0   1.185081   59.984383   0.044190      1.358364
Jet  2    1   0.554164   51.671692   0.212642      1.000000
Jet  3    2   0.971194   27.449623   0.145148      1.156767
< SF_evt = 1.72577 >

[ Evt 45 ]
Jet  0    0   0.524194   170.060455   0.998869      0.895600
Jet  1    2   1.013185   55.333824   0.098272      1.037189
Jet  2    1   0.296057   41.832363   0.049698      1.000000
Jet  3    2   0.893909   41.218487   0.048757      1.099322
Jet  4    2   2.364899   25.559256   0.142264      1.062178
Jet  5    2   1.186716   25.296904   0.069497      1.089008
< SF_evt = 1.18121 >

[ Evt 46 ]
Jet  0    0   0.597127   110.796036   0.734926      0.963771
Jet  1    2   2.256755   86.133514   0.067844      1.098272
Jet  2    2   2.099961   68.299599   0.026364      0.971531
Jet  3    1   0.999793   31.266060   0.947905      1.000000
< SF_evt = 1.02835 >

[ Evt 47 ]
Jet  0    2   2.086979   592.771729   0.043617      1.040384
Jet  1    2   1.488388   401.441803   0.012326      0.844214
Jet  2    1   0.350593   75.425369   0.169589      1.000000
Jet  3    1   0.895500   67.809952   0.042516      1.000000
< SF_evt = 0.878306 >

[ Evt 48 ]
Jet  0    1   0.596510   83.206627   0.037543      1.000000
Jet  1    0   0.179215   60.653820   0.999801      0.895341
Jet  2    2   0.593899   41.094482   0.023536      0.968947
Jet  3    1   0.507160   36.874672   0.105583      1.000000
Jet  4    2   2.348540   27.833727   0.214343      0.996501
< SF_evt = 0.864503 >

[ Evt 49 ]
Jet  0    2   1.107094   100.235260   0.069391      1.126282
Jet  1    2   1.895653   96.349876   0.379572      0.966219
Jet  2    1   0.782237   65.434944   0.539553      1.000000
Jet  3    0   1.948311   37.430351   0.708805      0.973796
< SF_evt = 1.05972 >

[ Evt 50 ]
Jet  0    2   1.833846   71.102440   0.072958      1.095056
Jet  1    1   0.583000   33.033001   0.396780      1.000000
Jet  2    2   2.363153   26.101545   0.077616      1.048429
< SF_evt = 1.14809 >

[ Evt 51 ]
Jet  0    2   0.592766   82.846344   0.051218      1.152671
Jet  1    2   0.344385   70.293945   0.024493      0.997220
Jet  2    1   0.549288   69.796852   0.077022      1.000000
Jet  3    0   1.336895   34.762856   0.947925      0.905177
< SF_evt = 1.04047 >

[ Evt 52 ]
Jet  0    0   1.133062   123.186333   0.454251      1.077070
Jet  1    2   1.279563   68.215782   0.120382      1.124789
Jet  2    2   0.791672   38.509384   0.028954      1.000916
Jet  3    1   1.804927   28.393766   0.107445      1.000000
< SF_evt = 1.21259 >

[ Evt 53 ]
Jet  0    0   0.327999   91.380363   0.619267      1.050313
Jet  1    1   0.215316   41.219955   0.064693      1.000000
Jet  2    2   0.044532   31.838053   0.111674      1.183240
< SF_evt = 1.24277 >

[ Evt 54 ]
Jet  0    0   1.048233   91.028366   0.999527      0.890472
Jet  1    2   0.733608   47.916145   0.044568      1.165404
Jet  2    2   0.938989   36.885471   0.104692      1.074452
< SF_evt = 1.11502 >

[ Evt 55 ]
Jet  0    0   1.617743   105.368210   0.999663      0.895600
Jet  1    2   1.119179   60.076012   0.023562      1.008022
Jet  2    2   1.310523   44.437099   0.015197      0.841773
< SF_evt = 0.75994 >

[ Evt 56 ]
Jet  0    1   0.703749   162.413605   0.064848      1.000000
Jet  1    2   0.002097   65.447197   0.033908      1.090650
Jet  2    1   0.745218   33.142391   0.037735      1.000000
Jet  3    0   0.305836   30.830486   0.999977      0.853632
Jet  4    2   1.524400   30.347652   -2.000000      0.978622
< SF_evt = 0.91111 >

[ Evt 57 ]
Jet  0    2   1.817814   48.653923   0.068684      1.101288
Jet  1    0   2.257404   47.242481   0.995969      0.853632
Jet  2    2   0.250657   40.146137   0.133485      1.242889
< SF_evt = 1.16843 >

[ Evt 58 ]
Jet  0    2   0.906009   204.519562   0.055906      1.083247
Jet  1    2   1.022188   109.780052   0.075667      1.116690
Jet  2    2   0.545137   97.262253   0.039295      1.098222
Jet  3    2   1.359361   45.646393   0.032639      1.077203
Jet  4    0   0.122556   42.119225   0.655682      1.018374
< SF_evt = 1.45732 >

[ Evt 59 ]
Jet  0    2   0.064987   128.142548   0.102427      1.210752
Jet  1    0   0.388623   118.074493   0.991903      0.895600
Jet  2    1   0.827065   55.307812   0.514506      1.000000
Jet  3    1   1.683436   32.869766   0.284873      1.000000
< SF_evt = 1.08435 >

[ Evt 60 ]
Jet  0    0   0.755783   71.415077   0.214622      1.198064
Jet  1    1   1.744515   44.409916   0.903834      1.000000
Jet  2    1   0.195585   42.759102   0.077882      1.000000
Jet  3    2   1.373075   29.782663   0.073933      1.096437
< SF_evt = 1.3136 >

[ Evt 61 ]
Jet  0    1   1.697269   106.149406   0.264999      1.000000
Jet  1    1   0.195511   52.472275   0.017550      1.000000
Jet  2    2   1.553112   41.459846   0.509912      1.042987
Jet  3    2   1.996387   26.594669   0.749159      1.080873
< SF_evt = 1.12734 >

[ Evt 62 ]
Jet  0    0   0.881648   166.204391   0.961327      0.934463
Jet  1    1   0.750950   109.205154   0.265066      1.000000
Jet  2    1   0.042506   31.130554   0.790334      1.000000
Jet  3    2   1.102521   26.661161   -2.000000      1.024954
< SF_evt = 0.957781 >

[ Evt 63 ]
Jet  0    0   0.482631   240.304306   0.921565      0.955547
Jet  1    1   0.509420   45.549664   0.022703      1.000000
Jet  2    2   1.157461   34.624687   0.129374      1.029888
Jet  3    2   0.331322   27.768589   0.102154      1.125785
< SF_evt = 1.10789 >

[ Evt 64 ]
Jet  0    2   1.681580   68.191399   0.055656      1.075820
Jet  1    0   1.813359   40.764065   0.857980      0.964289
Jet  2    1   0.660986   38.883831   0.217317      1.000000
Jet  3    2   0.275092   32.422443   0.283775      1.128244
Jet  4    2   0.465534   27.697966   0.119100      1.136669
< SF_evt = 1.33041 >

[ Evt 65 ]
Jet  0    0   0.106957   98.183449   0.999810      0.890472
Jet  1    1   0.350151   87.847481   0.175180      1.000000
Jet  2    2   1.752616   40.639236   0.052114      1.090872
< SF_evt = 0.97139 >

[ Evt 66 ]
Jet  0    0   1.121037   103.642029   0.902057      0.953807
Jet  1    2   0.096536   78.712898   0.054250      1.170565
Jet  2    1   0.340569   78.432503   0.082668      1.000000
Jet  3    1   0.398914   74.085045   0.190513      1.000000
Jet  4    2   0.389204   66.490044   0.059414      1.190255
Jet  5    2   1.493552   31.466938   0.128420      1.031438
< SF_evt = 1.37069 >

[ Evt 67 ]
Jet  0    1   0.522803   100.649323   0.367115      1.000000
Jet  1    1   1.065296   74.083168   0.022485      1.000000
Jet  2    2   1.147096   49.063782   0.103207      1.035853
Jet  3    2   0.218843   27.368464   0.017808      0.752780
< SF_evt = 0.77977 >

[ Evt 68 ]
Jet  0    1   0.605954   62.709568   0.633561      1.000000
Jet  1    2   0.480551   55.328949   0.068068      1.203248
Jet  2    0   1.040238   29.378090   0.914475      0.758600
Jet  3    2   0.825213   28.737745   0.090728      1.106207
< SF_evt = 1.00973 >

[ Evt 69 ]
Jet  0    2   1.056068   137.921890   0.010925      0.822111
Jet  1    0   1.791499   82.756035   0.998902      0.890472
Jet  2    2   0.277829   67.723106   0.026543      1.033806
Jet  3    1   0.052496   67.589149   0.128979      1.000000
Jet  4    2   1.613897   53.830906   0.188743      1.051206
Jet  5    2   0.688006   34.697578   0.582497      1.127614
< SF_evt = 0.897094 >

[ Evt 70 ]
Jet  0    0   0.148155   78.150223   0.490282      1.110143
Jet  1    2   0.201198   55.651329   0.170336      1.244606
Jet  2    1   1.684612   42.765331   0.046606      1.000000
Jet  3    2   0.842634   38.798393   0.100334      1.085765
Jet  4    2   0.220818   28.544744   0.068495      1.137015
< SF_evt = 1.70574 >

[ Evt 71 ]
Jet  0    2   0.079702   67.009155   0.044735      1.119682
Jet  1    0   0.370120   53.748722   0.960667      0.915471
Jet  2    1   0.845783   37.239803   0.255737      1.000000
< SF_evt = 1.02504 >

[ Evt 72 ]
Jet  0    2   0.379715   137.629501   0.028707      1.066299
Jet  1    1   1.095043   126.708122   0.032081      1.000000
Jet  2    0   0.184208   79.663078   0.993899      0.890472
Jet  3    2   1.469918   60.129578   0.018301      0.930823
Jet  4    2   0.280447   45.811504   0.037959      1.120857
Jet  5    2   2.234128   32.378078   0.159328      1.030271
< SF_evt = 1.02063 >

[ Evt 73 ]
Jet  0    2   1.019121   96.002853   0.017887      0.925247
Jet  1    2   0.731496   47.717846   0.060047      1.184845
Jet  2    0   0.777584   38.361862   0.945006      0.909655
Jet  3    2   1.824397   30.343716   0.083996      1.089290
Jet  4    1   1.094601   27.824774   0.214995      1.000000
Jet  5    2   0.176478   27.606724   0.602015      1.087206
< SF_evt = 1.181 >

[ Evt 74 ]
Jet  0    2   0.515863   107.617126   0.125165      1.217951
Jet  1    0   0.231181   98.332199   0.997003      0.890472
Jet  2    2   2.010462   87.134476   0.196613      1.018929
Jet  3    2   0.124845   72.577255   0.025192      1.009868
Jet  4    1   0.229771   35.885300   0.771223      1.000000
< SF_evt = 1.11599 >

[ Evt 75 ]
Jet  0    1   1.144128   116.295479   0.018906      1.000000
Jet  1    0   0.884758   38.433918   0.937131      0.920753
Jet  2    2   1.520538   33.678684   0.117430      1.049993
< SF_evt = 0.966785 >

[ Evt 76 ]
Jet  0    2   0.655432   135.909393   0.087029      1.204488
Jet  1    2   0.567583   69.738655   0.014569      0.808004
Jet  2    0   1.135447   52.496914   0.890075      0.974199
Jet  3    2   0.551492   39.198654   0.061507      1.197379
Jet  4    2   0.235925   32.232006   0.037029      1.062902
Jet  5    1   0.093466   32.142380   0.391288      1.000000
< SF_evt = 1.20667 >

[ Evt 77 ]
Jet  0    2   1.688258   101.900429   0.049399      1.056943
Jet  1    1   0.946753   65.434822   0.043626      1.000000
Jet  2    1   1.540444   56.012886   0.308465      1.000000
Jet  3    0   1.785319   46.528416   0.094316      1.324643
< SF_evt = 1.40007 >

[ Evt 78 ]
Jet  0    1   0.872497   137.614456   0.263567      1.000000
Jet  1    2   0.342753   111.741493   0.023142      0.973560
Jet  2    2   0.985004   80.799858   0.013695      0.865184
Jet  3    0   0.568281   40.536976   0.979919      0.853632
< SF_evt = 0.719021 >

[ Evt 79 ]
Jet  0    2   1.242831   100.881828   0.052715      1.076656
Jet  1    0   0.354473   80.052849   0.918062      0.936971
Jet  2    1   0.862274   57.518509   0.101696      1.000000
< SF_evt = 1.0088 >

[ Evt 80 ]
Jet  0    1   0.462373   164.734085   0.551119      1.000000
Jet  1    0   1.325652   57.251373   0.993191      0.895341
Jet  2    2   0.409761   51.594471   0.053040      1.171703
Jet  3    2   0.503523   44.293758   -2.000000      0.969295
< SF_evt = 1.01686 >

[ Evt 81 ]
Jet  0    1   0.551795   79.858032   0.511177      1.000000
Jet  1    2   0.346802   30.459423   0.076009      1.236584
Jet  2    0   1.013525   29.101711   0.989844      0.731828
< SF_evt = 0.904966 >

[ Evt 82 ]
Jet  0    1   0.099590   43.511723   0.547195      1.000000
Jet  1    0   0.427799   41.038567   0.848554      0.967714
Jet  2    1   1.008857   37.289349   0.792575      1.000000
Jet  3    2   0.414399   31.053852   0.053779      1.193489
< SF_evt = 1.15496 >

[ Evt 83 ]
Jet  0    0   1.081665   98.813217   0.867796      0.945078
Jet  1    2   0.025819   59.986404   0.017572      0.850323
Jet  2    1   0.526387   41.147987   0.151583      1.000000
Jet  3    1   1.164769   37.697884   0.936337      1.000000
Jet  4    2   2.114015   36.938160   0.318256      0.966162
Jet  5    2   1.615966   26.415445   0.091552      1.043354
< SF_evt = 0.81009 >

[ Evt 84 ]
Jet  0    2   1.675249   74.487099   0.245879      1.037837
Jet  1    0   1.567593   42.640945   0.838587      0.971851
Jet  2    1   0.321161   26.926321   0.636219      1.000000
< SF_evt = 1.00862 >

[ Evt 85 ]
Jet  0    0   0.787019   74.187592   0.999887      0.890472
Jet  1    1   0.841422   50.179211   0.719398      1.000000
Jet  2    2   0.185650   48.603615   0.021702      0.943039
Jet  3    2   0.204966   42.150272   0.219462      1.244511
< SF_evt = 1.04508 >

[ Evt 86 ]
Jet  0    2   0.157332   63.658062   0.160554      1.225619
Jet  1    0   0.142990   51.019112   0.348753      1.069812
Jet  2    2   1.477780   32.896400   0.026551      0.967382
Jet  3    1   1.345693   27.095900   0.799827      1.000000
< SF_evt = 1.26841 >

[ Evt 87 ]
Jet  0    2   0.465520   85.395767   0.027311      1.046478
Jet  1    1   0.273451   85.174614   0.431144      1.000000
Jet  2    2   0.040320   68.254517   0.129686      1.219114
Jet  3    0   1.108693   57.134380   0.985143      0.895341
Jet  4    2   0.030978   52.282719   0.018934      0.887686
Jet  5    1   0.947799   27.155895   0.346890      1.000000
< SF_evt = 1.01396 >

[ Evt 88 ]
Jet  0    0   1.226915   107.308090   0.548428      1.050409
Jet  1    1   0.072858   87.702454   0.153320      1.000000
Jet  2    2   0.161914   51.000595   0.069787      1.205830
< SF_evt = 1.26661 >

[ Evt 89 ]
Jet  0    1   1.544875   52.753895   0.877580      1.000000
Jet  1    1   0.582279   44.397030   0.078217      1.000000
Jet  2    2   0.100533   30.191801   0.050301      1.176221
< SF_evt = 1.17622 >

[ Evt 90 ]
Jet  0    2   1.613433   121.982941   0.084278      1.071226
Jet  1    1   2.155988   80.406082   0.057040      1.000000
Jet  2    2   1.168624   29.371025   0.156470      1.146828
< SF_evt = 1.22851 >

[ Evt 91 ]
Jet  0    2   0.529887   90.505287   0.029010      1.069872
Jet  1    0   0.937348   85.468849   0.958945      0.926948
Jet  2    2   0.112081   58.671669   0.052851      1.171520
Jet  3    1   1.982683   27.561903   -2.000000      1.000000
< SF_evt = 1.16181 >

[ Evt 92 ]
Jet  0    0   0.609776   92.569862   0.951251      0.933663
Jet  1    1   1.174568   57.130096   0.683676      1.000000
Jet  2    2   0.040781   57.092163   0.083657      1.224371
Jet  3    2   1.294160   53.412994   0.278390      0.976789
Jet  4    2   0.884706   35.850239   0.029605      1.011356
< SF_evt = 1.1293 >

[ Evt 93 ]
Jet  0    1   2.031327   68.677406   0.082804      1.000000
Jet  1    2   2.067939   31.384539   0.057919      1.114379
Jet  2    2   0.599642   25.303740   0.887113      1.051631
< SF_evt = 1.17192 >

[ Evt 94 ]
Jet  0    0   1.288916   271.308533   0.980402      0.902315
Jet  1    2   1.791785   61.399975   0.054980      1.073842
Jet  2    2   0.590783   61.158993   0.016613      0.843059
Jet  3    1   0.812133   60.847561   0.132374      1.000000
< SF_evt = 0.816877 >

[ Evt 95 ]
Jet  0    2   1.556584   176.765259   0.041992      1.063282
Jet  1    1   0.771708   129.889542   0.413102      1.000000
Jet  2    2   2.043181   85.387161   0.016471      0.888568
Jet  3    2   0.571666   67.983658   0.039422      1.098515
Jet  4    0   0.900647   43.012924   0.999852      0.853632
Jet  5    2   0.012901   26.666410   -2.000000      0.996884
< SF_evt = 0.883201 >

[ Evt 96 ]
Jet  0    1   0.636610   62.104237   0.777293      1.000000
Jet  1    0   0.904962   39.052944   0.684418      0.995488
Jet  2    2   0.009701   32.286808   0.079759      1.260692
< SF_evt = 1.255 >

[ Evt 97 ]
Jet  0    0   0.903723   126.878227   0.981285      0.900676
Jet  1    2   1.485440   113.248360   0.377557      0.948571
Jet  2    1   0.435658   57.856579   0.130379      1.000000
Jet  3    1   0.746088   53.458740   0.126083      1.000000
Jet  4    2   0.471453   37.262802   0.047706      1.159427
< SF_evt = 0.990562 >

[ Evt 98 ]
Jet  0    0   0.154093   58.528942   0.989170      0.895341
Jet  1    1   0.171832   50.369678   0.716601      1.000000
Jet  2    2   0.811996   46.649387   0.185177      0.958045
< SF_evt = 0.857777 >

[ Evt 99 ]
Jet  0    0   1.162159   80.560631   0.999962      0.890472
Jet  1    2   1.283541   57.913437   0.063774      1.129818
Jet  2    1   0.680157   30.356663   0.792670      1.000000
< SF_evt = 1.00607 >
